2025-01-30 08:12:09,946 - SIPTrace - INFO - Setting up TLS context
2025-01-30 08:12:09,951 - SIPTrace - WARNING - TLS certificate files not found. Generate certificates first.
2025-01-30 08:12:09,951 - SIPTrace - INFO - TLS context setup complete
2025-01-30 08:12:10,033 - SIPTrace - INFO - Setting up TLS context
2025-01-30 08:12:10,033 - SIPTrace - INFO - Setting up TLS context
2025-01-30 08:12:10,036 - SIPTrace - WARNING - TLS certificate files not found. Generate certificates first.
2025-01-30 08:12:10,036 - SIPTrace - WARNING - TLS certificate files not found. Generate certificates first.
2025-01-30 08:12:10,036 - SIPTrace - INFO - TLS context setup complete
2025-01-30 08:12:10,036 - SIPTrace - INFO - TLS context setup complete
2025-01-30 08:12:10,045 - SIPTrace - INFO - === Starting SIP Message Encryption ===
2025-01-30 08:12:10,045 - SIPTrace - DEBUG - Original Message Structure: {'patient_id': 'P12345', 'direction': 'A to B', 'content': 'Test message from Hospital A'}
2025-01-30 08:12:10,045 - SIPTrace - ERROR - ERROR in SIP Message Encryption: 'EnhancedEncryption' object has no attribute 'encrypt'
2025-01-30 08:13:40,566 - SIPTrace - INFO - Setting up TLS context
2025-01-30 08:13:40,569 - SIPTrace - WARNING - TLS certificate files not found. Generate certificates first.
2025-01-30 08:13:40,569 - SIPTrace - INFO - TLS context setup complete
2025-01-30 08:13:40,646 - SIPTrace - INFO - Setting up TLS context
2025-01-30 08:13:40,646 - SIPTrace - INFO - Setting up TLS context
2025-01-30 08:13:40,649 - SIPTrace - WARNING - TLS certificate files not found. Generate certificates first.
2025-01-30 08:13:40,649 - SIPTrace - WARNING - TLS certificate files not found. Generate certificates first.
2025-01-30 08:13:40,649 - SIPTrace - INFO - TLS context setup complete
2025-01-30 08:13:40,649 - SIPTrace - INFO - TLS context setup complete
2025-01-30 08:13:40,659 - SIPTrace - INFO - === Starting SIP Message Encryption ===
2025-01-30 08:13:40,659 - SIPTrace - DEBUG - Original Message Structure: {'patient_id': 'P12345', 'direction': 'A to B', 'content': 'Test message from Hospital A'}
2025-01-30 08:13:41,137 - SIPTrace - INFO - Message Encrypted Successfully
2025-01-30 08:13:41,254 - SIPTrace - DEBUG - Quantum Components Generated:
2025-01-30 08:13:41,254 - SIPTrace - DEBUG - SIP Headers Generated: {'Via': 'SIP/2.0/TLS 127.0.0.1;branch=z9hG4bK6', 'Max-Forwards': '70', 'To': '<sip:127.0.0.1>', 'From': '<sip:127.0.0.1>', 'Call-ID': '6@127.0.0.1', 'CSeq': '1 MESSAGE', 'Content-Type': 'application/quantum-encrypted', 'Encryption-Type': 'quantum-enhanced-tls', 'Security-Level': 'HIPAA-Compliant', 'Quantum-ID': '6', 'Timestamp': '2025-01-30T08:13:41.254186'}
2025-01-30 08:13:41,254 - SIPTrace - INFO - === SIP Message Encryption Complete ===
2025-01-30 08:19:58,271 - SIPTrace - INFO - Setting up TLS context
2025-01-30 08:19:58,274 - SIPTrace - WARNING - TLS certificate files not found. Generate certificates first.
2025-01-30 08:19:58,274 - SIPTrace - INFO - TLS context setup complete
2025-01-30 08:19:58,349 - SIPTrace - INFO - Setting up TLS context
2025-01-30 08:19:58,349 - SIPTrace - INFO - Setting up TLS context
2025-01-30 08:19:58,352 - SIPTrace - WARNING - TLS certificate files not found. Generate certificates first.
2025-01-30 08:19:58,352 - SIPTrace - WARNING - TLS certificate files not found. Generate certificates first.
2025-01-30 08:19:58,352 - SIPTrace - INFO - TLS context setup complete
2025-01-30 08:19:58,352 - SIPTrace - INFO - TLS context setup complete
2025-01-30 08:19:58,361 - SIPTrace - INFO - === Starting SIP Message Encryption ===
2025-01-30 08:19:58,361 - SIPTrace - DEBUG - Original Message Structure: {'patient_id': 'P12345', 'direction': 'A to B', 'content': 'Test message from Hospital A'}
2025-01-30 08:19:58,699 - SIPTrace - ERROR - ERROR in SIP Message Encryption: Encryption failed: object of type 'cryptography.hazmat.bindings._rust.openssl.rsa.RSAPrivateKey' has no len()
2025-01-30 08:32:33,894 - SIPTrace - INFO - Setting up TLS context
2025-01-30 08:32:33,897 - SIPTrace - WARNING - TLS certificate files not found. Generate certificates first.
2025-01-30 08:32:33,898 - SIPTrace - INFO - TLS context setup complete
2025-01-30 08:32:34,003 - SIPTrace - INFO - Setting up TLS context
2025-01-30 08:32:34,003 - SIPTrace - INFO - Setting up TLS context
2025-01-30 08:32:34,006 - SIPTrace - WARNING - TLS certificate files not found. Generate certificates first.
2025-01-30 08:32:34,006 - SIPTrace - WARNING - TLS certificate files not found. Generate certificates first.
2025-01-30 08:32:34,006 - SIPTrace - INFO - TLS context setup complete
2025-01-30 08:32:34,006 - SIPTrace - INFO - TLS context setup complete
2025-01-30 08:32:34,016 - SIPTrace - INFO - === Starting SIP Message Encryption ===
2025-01-30 08:32:34,016 - SIPTrace - DEBUG - Original Message Structure: {'patient_id': 'P12345', 'direction': 'A to B', 'content': 'Test message from Hospital A'}
2025-01-30 08:32:34,176 - SIPTrace - ERROR - ERROR in SIP Message Encryption: Encryption failed: falcon_wrapper.c_ubyte_Array_2305() argument after * must be an iterable, not cryptography.hazmat.bindings._rust.openssl.rsa.RSAPrivateKey
2025-01-30 09:13:45,214 - SIPTrace - INFO - Setting up TLS context
2025-01-30 09:13:45,217 - SIPTrace - WARNING - TLS certificate files not found. Generate certificates first.
2025-01-30 09:13:45,217 - SIPTrace - INFO - TLS context setup complete
2025-01-30 09:13:45,313 - SIPTrace - INFO - Setting up TLS context
2025-01-30 09:13:45,313 - SIPTrace - INFO - Setting up TLS context
2025-01-30 09:13:45,316 - SIPTrace - WARNING - TLS certificate files not found. Generate certificates first.
2025-01-30 09:13:45,316 - SIPTrace - WARNING - TLS certificate files not found. Generate certificates first.
2025-01-30 09:13:45,316 - SIPTrace - INFO - TLS context setup complete
2025-01-30 09:13:45,316 - SIPTrace - INFO - TLS context setup complete
2025-01-30 09:13:45,324 - SIPTrace - INFO - === Starting SIP Message Encryption ===
2025-01-30 09:13:45,324 - SIPTrace - DEBUG - Original Message Structure: {'patient_id': 'P12345', 'direction': 'A to B', 'content': 'Test message from Hospital A'}
2025-01-30 09:13:45,975 - SIPTrace - ERROR - ERROR in SIP Message Encryption: Encryption failed: object of type 'cryptography.hazmat.bindings._rust.openssl.rsa.RSAPrivateKey' has no len()
2025-02-01 09:28:15,378 - SIPTrace - INFO - Setting up TLS context
2025-02-01 09:28:15,383 - SIPTrace - WARNING - TLS certificate files not found. Generate certificates first.
2025-02-01 09:28:15,383 - SIPTrace - INFO - TLS context setup complete
2025-02-01 09:28:15,459 - SIPTrace - INFO - Setting up TLS context
2025-02-01 09:28:15,459 - SIPTrace - INFO - Setting up TLS context
2025-02-01 09:28:15,463 - SIPTrace - WARNING - TLS certificate files not found. Generate certificates first.
2025-02-01 09:28:15,463 - SIPTrace - WARNING - TLS certificate files not found. Generate certificates first.
2025-02-01 09:28:15,463 - SIPTrace - INFO - TLS context setup complete
2025-02-01 09:28:15,463 - SIPTrace - INFO - TLS context setup complete
2025-02-01 09:28:15,472 - SIPTrace - INFO - === Starting SIP Message Encryption ===
2025-02-01 09:28:15,472 - SIPTrace - DEBUG - Original Message Structure: {'patient_id': 'P12345', 'direction': 'A to B', 'content': 'Test message from Hospital A'}
2025-02-01 09:28:15,709 - SIPTrace - ERROR - ERROR in SIP Message Encryption: Encryption failed: object of type 'cryptography.hazmat.bindings._rust.openssl.rsa.RSAPrivateKey' has no len()
2025-02-01 09:29:26,649 - SIPTrace - INFO - Setting up TLS context
2025-02-01 09:29:26,652 - SIPTrace - WARNING - TLS certificate files not found. Generate certificates first.
2025-02-01 09:29:26,652 - SIPTrace - INFO - TLS context setup complete
2025-02-01 09:29:26,652 - SIPTrace - INFO - === Starting Secure Message Transmission ===
2025-02-01 09:29:26,652 - SIPTrace - INFO - === Starting SIP Message Encryption ===
2025-02-01 09:29:26,652 - SIPTrace - DEBUG - Original Message Structure: {'patient_id': 'P12345', 'diagnosis': 'Regular checkup', 'notes': 'Patient is healthy'}
2025-02-01 09:29:26,779 - SIPTrace - ERROR - ERROR in SIP Message Encryption: Encryption failed: object of type 'cryptography.hazmat.bindings._rust.openssl.rsa.RSAPrivateKey' has no len()
2025-02-01 09:29:26,779 - SIPTrace - ERROR - ERROR in Message Transmission: Encryption failed: object of type 'cryptography.hazmat.bindings._rust.openssl.rsa.RSAPrivateKey' has no len()
2025-02-01 10:02:28,227 - SIPTrace - INFO - Setting up TLS context
2025-02-01 10:02:28,232 - SIPTrace - INFO - Loading certificates from certificates/server_certificate.pem
2025-02-01 10:02:28,232 - SIPTrace - INFO - TLS context setup complete
2025-02-01 10:02:28,355 - SIPTrace - INFO - Setting up TLS context
2025-02-01 10:02:28,355 - SIPTrace - INFO - Setting up TLS context
2025-02-01 10:02:28,357 - SIPTrace - INFO - Loading certificates from certificates/server_certificate.pem
2025-02-01 10:02:28,357 - SIPTrace - INFO - Loading certificates from certificates/server_certificate.pem
2025-02-01 10:02:28,357 - SIPTrace - INFO - TLS context setup complete
2025-02-01 10:02:28,357 - SIPTrace - INFO - TLS context setup complete
2025-02-01 10:03:32,281 - SIPTrace - INFO - Setting up TLS context
2025-02-01 10:03:32,284 - SIPTrace - INFO - Loading certificates from certificates/server_certificate.pem
2025-02-01 10:03:32,284 - SIPTrace - INFO - TLS context setup complete
2025-02-01 10:03:32,507 - SIPTrace - INFO - Setting up TLS context
2025-02-01 10:03:32,507 - SIPTrace - INFO - Setting up TLS context
2025-02-01 10:03:32,510 - SIPTrace - INFO - Loading certificates from certificates/server_certificate.pem
2025-02-01 10:03:32,510 - SIPTrace - INFO - Loading certificates from certificates/server_certificate.pem
2025-02-01 10:03:32,510 - SIPTrace - INFO - TLS context setup complete
2025-02-01 10:03:32,510 - SIPTrace - INFO - TLS context setup complete
2025-02-01 10:13:23,013 - SIPTrace - INFO - Setting up TLS context
2025-02-01 10:13:23,016 - SIPTrace - INFO - Loading certificates from certificates/server_certificate.pem
2025-02-01 10:13:23,016 - SIPTrace - INFO - TLS context setup complete
2025-02-01 10:13:23,223 - SIPTrace - INFO - Setting up TLS context
2025-02-01 10:13:23,223 - SIPTrace - INFO - Setting up TLS context
2025-02-01 10:13:23,226 - SIPTrace - INFO - Loading certificates from certificates/server_certificate.pem
2025-02-01 10:13:23,226 - SIPTrace - INFO - Loading certificates from certificates/server_certificate.pem
2025-02-01 10:13:23,226 - SIPTrace - INFO - TLS context setup complete
2025-02-01 10:13:23,226 - SIPTrace - INFO - TLS context setup complete
2025-02-01 10:14:10,731 - SIPTrace - INFO - Setting up TLS context
2025-02-01 10:14:10,734 - SIPTrace - INFO - Loading certificates from certificates/server_certificate.pem
2025-02-01 10:14:10,735 - SIPTrace - INFO - TLS context setup complete
2025-02-01 10:14:11,005 - SIPTrace - INFO - Setting up TLS context
2025-02-01 10:14:11,005 - SIPTrace - INFO - Setting up TLS context
2025-02-01 10:14:11,007 - SIPTrace - INFO - Loading certificates from certificates/server_certificate.pem
2025-02-01 10:14:11,007 - SIPTrace - INFO - Loading certificates from certificates/server_certificate.pem
2025-02-01 10:14:11,008 - SIPTrace - INFO - TLS context setup complete
2025-02-01 10:14:11,008 - SIPTrace - INFO - TLS context setup complete
2025-02-01 10:16:22,609 - SIPTrace - INFO - Setting up TLS context
2025-02-01 10:16:22,612 - SIPTrace - INFO - Loading certificates from certificates/server_certificate.pem
2025-02-01 10:16:22,612 - SIPTrace - INFO - TLS context setup complete
2025-02-01 10:16:22,745 - SIPTrace - INFO - Setting up TLS context
2025-02-01 10:16:22,745 - SIPTrace - INFO - Setting up TLS context
2025-02-01 10:16:22,748 - SIPTrace - INFO - Loading certificates from certificates/server_certificate.pem
2025-02-01 10:16:22,748 - SIPTrace - INFO - Loading certificates from certificates/server_certificate.pem
2025-02-01 10:16:22,748 - SIPTrace - INFO - TLS context setup complete
2025-02-01 10:16:22,748 - SIPTrace - INFO - TLS context setup complete
2025-02-01 10:34:00,397 - SIPTrace - INFO - Setting up TLS context
2025-02-01 10:34:00,402 - SIPTrace - INFO - Loading certificates from certificates/server_certificate.pem
2025-02-01 10:34:00,403 - SIPTrace - INFO - TLS context setup complete
2025-02-01 10:34:00,742 - SIPTrace - INFO - Setting up TLS context
2025-02-01 10:34:00,742 - SIPTrace - INFO - Setting up TLS context
2025-02-01 10:34:00,745 - SIPTrace - INFO - Loading certificates from certificates/server_certificate.pem
2025-02-01 10:34:00,745 - SIPTrace - INFO - Loading certificates from certificates/server_certificate.pem
2025-02-01 10:34:00,745 - SIPTrace - INFO - TLS context setup complete
2025-02-01 10:34:00,745 - SIPTrace - INFO - TLS context setup complete
2025-02-01 10:42:06,047 - SIPTrace - INFO - Setting up TLS context
2025-02-01 10:42:06,051 - SIPTrace - INFO - Loading certificates from certificates/server_certificate.pem
2025-02-01 10:42:06,051 - SIPTrace - INFO - TLS context setup complete
2025-02-01 10:42:06,217 - SIPTrace - INFO - Setting up TLS context
2025-02-01 10:42:06,217 - SIPTrace - INFO - Setting up TLS context
2025-02-01 10:42:06,220 - SIPTrace - INFO - Loading certificates from certificates/server_certificate.pem
2025-02-01 10:42:06,220 - SIPTrace - INFO - Loading certificates from certificates/server_certificate.pem
2025-02-01 10:42:06,220 - SIPTrace - INFO - TLS context setup complete
2025-02-01 10:42:06,220 - SIPTrace - INFO - TLS context setup complete
2025-02-01 10:45:24,236 - SIPTrace - INFO - Setting up TLS context
2025-02-01 10:45:24,239 - SIPTrace - INFO - Loading certificates from certificates/server_certificate.pem
2025-02-01 10:45:24,239 - SIPTrace - INFO - TLS context setup complete
2025-02-01 10:45:24,463 - SIPTrace - INFO - Setting up TLS context
2025-02-01 10:45:24,463 - SIPTrace - INFO - Setting up TLS context
2025-02-01 10:45:24,466 - SIPTrace - INFO - Loading certificates from certificates/server_certificate.pem
2025-02-01 10:45:24,466 - SIPTrace - INFO - Loading certificates from certificates/server_certificate.pem
2025-02-01 10:45:24,466 - SIPTrace - INFO - TLS context setup complete
2025-02-01 10:45:24,466 - SIPTrace - INFO - TLS context setup complete
2025-02-01 10:56:31,971 - SIPTrace - INFO - Setting up TLS context
2025-02-01 10:56:31,975 - SIPTrace - INFO - Loading certificates from certificates/server_certificate.pem
2025-02-01 10:56:31,975 - SIPTrace - INFO - TLS context setup complete
2025-02-01 10:56:32,190 - SIPTrace - INFO - Setting up TLS context
2025-02-01 10:56:32,190 - SIPTrace - INFO - Setting up TLS context
2025-02-01 10:56:32,193 - SIPTrace - INFO - Loading certificates from certificates/server_certificate.pem
2025-02-01 10:56:32,193 - SIPTrace - INFO - Loading certificates from certificates/server_certificate.pem
2025-02-01 10:56:32,193 - SIPTrace - INFO - TLS context setup complete
2025-02-01 10:56:32,193 - SIPTrace - INFO - TLS context setup complete
2025-02-01 10:59:42,051 - SIPTrace - INFO - Setting up TLS context
2025-02-01 10:59:42,054 - SIPTrace - INFO - Loading certificates from certificates/server_certificate.pem
2025-02-01 10:59:42,055 - SIPTrace - INFO - TLS context setup complete
2025-02-01 10:59:42,194 - SIPTrace - INFO - Setting up TLS context
2025-02-01 10:59:42,194 - SIPTrace - INFO - Setting up TLS context
2025-02-01 10:59:42,198 - SIPTrace - INFO - Loading certificates from certificates/server_certificate.pem
2025-02-01 10:59:42,198 - SIPTrace - INFO - Loading certificates from certificates/server_certificate.pem
2025-02-01 10:59:42,198 - SIPTrace - INFO - TLS context setup complete
2025-02-01 10:59:42,198 - SIPTrace - INFO - TLS context setup complete
2025-02-01 11:01:28,651 - SIPTrace - INFO - Setting up TLS context
2025-02-01 11:01:28,654 - SIPTrace - INFO - Loading certificates from certificates/server_certificate.pem
2025-02-01 11:01:28,654 - SIPTrace - INFO - TLS context setup complete
2025-02-01 11:01:28,828 - SIPTrace - INFO - Setting up TLS context
2025-02-01 11:01:28,828 - SIPTrace - INFO - Setting up TLS context
2025-02-01 11:01:28,831 - SIPTrace - INFO - Loading certificates from certificates/server_certificate.pem
2025-02-01 11:01:28,831 - SIPTrace - INFO - Loading certificates from certificates/server_certificate.pem
2025-02-01 11:01:28,831 - SIPTrace - INFO - TLS context setup complete
2025-02-01 11:01:28,831 - SIPTrace - INFO - TLS context setup complete
2025-02-01 11:07:29,649 - SIPTrace - INFO - Setting up TLS context
2025-02-01 11:07:29,652 - SIPTrace - INFO - Loading certificates from certificates/server_certificate.pem
2025-02-01 11:07:29,652 - SIPTrace - INFO - TLS context setup complete
2025-02-01 11:07:29,780 - SIPTrace - INFO - Setting up TLS context
2025-02-01 11:07:29,780 - SIPTrace - INFO - Setting up TLS context
2025-02-01 11:07:29,783 - SIPTrace - INFO - Loading certificates from certificates/server_certificate.pem
2025-02-01 11:07:29,783 - SIPTrace - INFO - Loading certificates from certificates/server_certificate.pem
2025-02-01 11:07:29,783 - SIPTrace - INFO - TLS context setup complete
2025-02-01 11:07:29,783 - SIPTrace - INFO - TLS context setup complete
2025-02-01 11:08:03,452 - SIPTrace - INFO - Quantum Generator Initialized
2025-02-01 11:08:03,452 - SIPTrace - DEBUG - Quantum Melody: [440, 494, 523, 587, 659]
2025-02-01 11:08:03,666 - SIPTrace - INFO - Quantum Entropy Components Initialized
2025-02-01 11:08:03,666 - SIPTrace - DEBUG - Entropy Value: 61113961168319354781230356738661591419929648274070357255348905541188598023353
2025-02-01 11:08:03,666 - SIPTrace - DEBUG - Astronomical Data: {'lunar_phase': 11.067983627319336, 'jupiter_elong': 2.067196238180216, 'jupiter_phase': 99.27106475830078, 'jupiter_radius': 0.00010482991751791787}
2025-02-01 11:08:03,666 - SIPTrace - INFO - Setting up TLS context
2025-02-01 11:08:03,669 - SIPTrace - INFO - Loading certificates from certificates/server_certificate.pem
2025-02-01 11:08:03,669 - SIPTrace - INFO - TLS context setup complete
2025-02-01 11:08:03,670 - SIPTrace - INFO - === Starting Secure Message Transmission ===
2025-02-01 11:08:03,670 - SIPTrace - INFO - === Starting Quantum-Enhanced SIP Message Encryption ===
2025-02-01 11:08:03,670 - SIPTrace - DEBUG - Original Message Structure: {'patient_id': 'P12345', 'diagnosis': 'Regular checkup', 'notes': 'Patient is healthy'}
2025-02-01 11:08:03,670 - SIPTrace - DEBUG - Pre-Encryption Quantum Components
2025-02-01 11:08:03,786 - SIPTrace - INFO - Quantum Key Generated: 10
2025-02-01 11:08:03,786 - SIPTrace - DEBUG - Quantum Component Details
2025-02-01 11:08:03,899 - SIPTrace - ERROR - ERROR in Quantum SIP Message Encryption: Encryption failed: name 'falcon_sign_message' is not defined
2025-02-01 11:08:03,899 - SIPTrace - ERROR - ERROR in Message Transmission: Encryption failed: name 'falcon_sign_message' is not defined
2025-02-01 11:08:50,680 - SIPTrace - INFO - Quantum Generator Initialized
2025-02-01 11:08:50,680 - SIPTrace - DEBUG - Quantum Melody: [440, 494, 523, 587, 659]
2025-02-01 11:08:50,784 - SIPTrace - INFO - Quantum Entropy Components Initialized
2025-02-01 11:08:50,784 - SIPTrace - DEBUG - Entropy Value: 111999201308192086043957162260736925492221399127884413394255268700890671413256
2025-02-01 11:08:50,784 - SIPTrace - DEBUG - Astronomical Data: {'lunar_phase': 11.071967124938965, 'jupiter_elong': 2.0671863844841827, 'jupiter_phase': 99.27105712890625, 'jupiter_radius': 0.0001048297325761755}
2025-02-01 11:08:50,784 - SIPTrace - INFO - Setting up TLS context
2025-02-01 11:08:50,788 - SIPTrace - INFO - Loading certificates from certificates/server_certificate.pem
2025-02-01 11:08:50,788 - SIPTrace - INFO - TLS context setup complete
2025-02-01 11:08:50,788 - SIPTrace - INFO - === Starting Secure Message Transmission ===
2025-02-01 11:08:50,788 - SIPTrace - INFO - === Starting Quantum-Enhanced SIP Message Encryption ===
2025-02-01 11:08:50,788 - SIPTrace - DEBUG - Original Message Structure: {'patient_id': 'P12345', 'diagnosis': 'Regular checkup', 'notes': 'Patient is healthy'}
2025-02-01 11:08:50,788 - SIPTrace - DEBUG - Pre-Encryption Quantum Components
2025-02-01 11:08:50,903 - SIPTrace - INFO - Quantum Key Generated: 8
2025-02-01 11:08:50,903 - SIPTrace - DEBUG - Quantum Component Details
2025-02-01 11:08:51,014 - SIPTrace - ERROR - ERROR in Quantum SIP Message Encryption: Encryption failed: name 'falcon_sign_message' is not defined
2025-02-01 11:08:51,015 - SIPTrace - ERROR - ERROR in Message Transmission: Encryption failed: name 'falcon_sign_message' is not defined
2025-02-01 11:08:57,176 - SIPTrace - INFO - Setting up TLS context
2025-02-01 11:08:57,179 - SIPTrace - INFO - Loading certificates from certificates/server_certificate.pem
2025-02-01 11:08:57,179 - SIPTrace - INFO - TLS context setup complete
2025-02-01 11:08:57,306 - SIPTrace - INFO - Setting up TLS context
2025-02-01 11:08:57,306 - SIPTrace - INFO - Setting up TLS context
2025-02-01 11:08:57,309 - SIPTrace - INFO - Loading certificates from certificates/server_certificate.pem
2025-02-01 11:08:57,309 - SIPTrace - INFO - Loading certificates from certificates/server_certificate.pem
2025-02-01 11:08:57,310 - SIPTrace - INFO - TLS context setup complete
2025-02-01 11:08:57,310 - SIPTrace - INFO - TLS context setup complete
2025-02-01 11:12:55,249 - SIPTrace - INFO - Setting up TLS context
2025-02-01 11:12:55,252 - SIPTrace - INFO - Loading certificates from certificates/server_certificate.pem
2025-02-01 11:12:55,252 - SIPTrace - INFO - TLS context setup complete
2025-02-01 11:12:55,550 - SIPTrace - INFO - Setting up TLS context
2025-02-01 11:12:55,550 - SIPTrace - INFO - Setting up TLS context
2025-02-01 11:12:55,553 - SIPTrace - INFO - Loading certificates from certificates/server_certificate.pem
2025-02-01 11:12:55,553 - SIPTrace - INFO - Loading certificates from certificates/server_certificate.pem
2025-02-01 11:12:55,554 - SIPTrace - INFO - TLS context setup complete
2025-02-01 11:12:55,554 - SIPTrace - INFO - TLS context setup complete
2025-02-01 11:29:37,777 - SIPTrace - INFO - Setting up TLS context
2025-02-01 11:29:37,781 - SIPTrace - INFO - Loading certificates from certificates/server_certificate.pem
2025-02-01 11:29:37,782 - SIPTrace - INFO - TLS context setup complete
2025-02-01 11:29:37,899 - SIPTrace - INFO - Setting up TLS context
2025-02-01 11:29:37,899 - SIPTrace - INFO - Setting up TLS context
2025-02-01 11:29:37,902 - SIPTrace - INFO - Loading certificates from certificates/server_certificate.pem
2025-02-01 11:29:37,902 - SIPTrace - INFO - Loading certificates from certificates/server_certificate.pem
2025-02-01 11:29:37,902 - SIPTrace - INFO - TLS context setup complete
2025-02-01 11:29:37,902 - SIPTrace - INFO - TLS context setup complete
2025-02-01 11:40:24,321 - SIPTrace - INFO - Setting up TLS context
2025-02-01 11:40:24,325 - SIPTrace - INFO - Loading certificates from certificates/server_certificate.pem
2025-02-01 11:40:24,326 - SIPTrace - INFO - TLS context setup complete
2025-02-01 11:40:24,494 - SIPTrace - INFO - Setting up TLS context
2025-02-01 11:40:24,494 - SIPTrace - INFO - Setting up TLS context
2025-02-01 11:40:24,497 - SIPTrace - INFO - Loading certificates from certificates/server_certificate.pem
2025-02-01 11:40:24,497 - SIPTrace - INFO - Loading certificates from certificates/server_certificate.pem
2025-02-01 11:40:24,497 - SIPTrace - INFO - TLS context setup complete
2025-02-01 11:40:24,497 - SIPTrace - INFO - TLS context setup complete
2025-02-01 11:44:16,176 - SIPTrace - INFO - Setting up TLS context
2025-02-01 11:44:16,179 - SIPTrace - INFO - Loading certificates from certificates/server_certificate.pem
2025-02-01 11:44:16,179 - SIPTrace - INFO - TLS context setup complete
2025-02-01 11:44:16,379 - SIPTrace - INFO - Setting up TLS context
2025-02-01 11:44:16,379 - SIPTrace - INFO - Setting up TLS context
2025-02-01 11:44:16,382 - SIPTrace - INFO - Loading certificates from certificates/server_certificate.pem
2025-02-01 11:44:16,382 - SIPTrace - INFO - Loading certificates from certificates/server_certificate.pem
2025-02-01 11:44:16,382 - SIPTrace - INFO - TLS context setup complete
2025-02-01 11:44:16,382 - SIPTrace - INFO - TLS context setup complete
2025-02-01 11:48:10,755 - SIPTrace - INFO - Setting up TLS context
2025-02-01 11:48:10,759 - SIPTrace - INFO - Loading certificates from certificates/server_certificate.pem
2025-02-01 11:48:10,759 - SIPTrace - INFO - TLS context setup complete
2025-02-01 11:48:10,759 - SIPTrace - INFO - === Starting Secure Message Transmission ===
2025-02-01 11:48:10,759 - SIPTrace - INFO - === Starting Quantum-Enhanced SIP Message Encryption ===
2025-02-01 11:48:10,936 - SIPTrace - INFO - Quantum-Enhanced Encryption Completed
2025-02-01 11:48:10,936 - SIPTrace - INFO - Message Encrypted for Transmission
2025-02-01 12:01:06,643 - SIPTrace - INFO - Setting up TLS context
2025-02-01 12:01:06,651 - SIPTrace - INFO - Loading certificates from certificates/server_certificate.pem
2025-02-01 12:01:06,651 - SIPTrace - INFO - TLS context setup complete
2025-02-01 12:45:06,250 - SIPTrace - INFO - Setting up TLS context
2025-02-01 12:45:06,257 - SIPTrace - INFO - Loading certificates from certificates/server_certificate.pem
2025-02-01 12:45:06,257 - SIPTrace - INFO - TLS context setup complete
2025-02-01 12:48:40,394 - SIPTrace - INFO - Setting up TLS context
2025-02-01 12:48:40,403 - SIPTrace - INFO - Loading certificates from certificates/server_certificate.pem
2025-02-01 12:48:40,403 - SIPTrace - INFO - TLS context setup complete
2025-02-01 12:53:33,993 - SIPTrace - INFO - Setting up TLS context
2025-02-01 12:53:33,996 - SIPTrace - INFO - Loading certificates from certificates/server_certificate.pem
2025-02-01 12:53:33,997 - SIPTrace - INFO - TLS context setup complete
2025-02-01 12:56:16,148 - SIPTrace - INFO - Setting up TLS context
2025-02-01 12:56:16,153 - SIPTrace - INFO - Loading certificates from certificates/server_certificate.pem
2025-02-01 12:56:16,153 - SIPTrace - INFO - TLS context setup complete
2025-02-01 13:01:22,248 - SIPTrace - INFO - Setting up TLS context
2025-02-01 13:01:22,252 - SIPTrace - INFO - Loading certificates from certificates/server_certificate.pem
2025-02-01 13:01:22,252 - SIPTrace - INFO - TLS context setup complete
2025-02-01 13:05:05,710 - SIPTrace - INFO - Setting up TLS context
2025-02-01 13:05:05,714 - SIPTrace - INFO - Loading certificates from certificates/server_certificate.pem
2025-02-01 13:05:05,714 - SIPTrace - INFO - TLS context setup complete
2025-02-01 13:12:38,026 - SIPTrace - INFO - Setting up TLS context
2025-02-01 13:12:38,029 - SIPTrace - INFO - Loading certificates from certificates/server_certificate.pem
2025-02-01 13:12:38,029 - SIPTrace - INFO - TLS context setup complete
2025-02-01 13:22:15,678 - SIPTrace - INFO - Setting up TLS context
2025-02-01 13:22:15,681 - SIPTrace - INFO - Loading certificates from certificates/server_certificate.pem
2025-02-01 13:22:15,681 - SIPTrace - INFO - TLS context setup complete
2025-02-01 13:31:33,884 - SIPTrace - INFO - Setting up TLS context
2025-02-01 13:31:33,887 - SIPTrace - INFO - Loading certificates from certificates/server_certificate.pem
2025-02-01 13:31:33,888 - SIPTrace - INFO - TLS context setup complete
2025-02-01 13:47:21,338 - SIPTrace - INFO - Setting up TLS context
2025-02-01 13:47:21,342 - SIPTrace - INFO - Loading certificates from certificates/server_certificate.pem
2025-02-01 13:47:21,342 - SIPTrace - INFO - TLS context setup complete
2025-02-01 13:51:16,404 - SIPTrace - INFO - Setting up TLS context
2025-02-01 13:51:16,409 - SIPTrace - INFO - Loading certificates from certificates/server_certificate.pem
2025-02-01 13:51:16,410 - SIPTrace - INFO - TLS context setup complete
2025-02-01 13:53:16,184 - SIPTrace - INFO - Setting up TLS context
2025-02-01 13:53:16,188 - SIPTrace - INFO - Loading certificates from certificates/server_certificate.pem
2025-02-01 13:53:16,189 - SIPTrace - INFO - TLS context setup complete
2025-02-01 13:53:16,189 - SIPTrace - INFO - === Starting Secure Message Transmission ===
2025-02-01 13:53:16,189 - SIPTrace - INFO - === Starting Quantum-Enhanced SIP Message Encryption ===
2025-02-01 13:53:16,372 - SIPTrace - INFO - Quantum-Enhanced Encryption Completed
2025-02-01 13:53:16,372 - SIPTrace - INFO - Message Encrypted for Transmission
2025-02-01 13:53:59,369 - SIPTrace - INFO - Setting up TLS context
2025-02-01 13:53:59,372 - SIPTrace - INFO - Loading certificates from certificates/server_certificate.pem
2025-02-01 13:53:59,372 - SIPTrace - INFO - TLS context setup complete
2025-02-01 14:24:40,690 - SIPTrace - INFO - Setting up TLS context
2025-02-01 14:24:40,695 - SIPTrace - INFO - Loading certificates from certificates/server_certificate.pem
2025-02-01 14:24:40,695 - SIPTrace - INFO - TLS context setup complete
2025-02-01 14:24:40,696 - SIPTrace - INFO - EnhancedSIPIntegration initialized
2025-02-01 14:24:40,696 - SIPTrace - DEBUG - Authenticating session: test_session_001
2025-02-01 14:24:40,696 - SIPTrace - INFO - Authentication Success for session test_session_001
2025-02-01 14:24:40,696 - SIPTrace - INFO - 
==================================================
Starting Hyperledger Blockchain Messaging Test
==================================================
2025-02-01 14:27:45,510 - SIPTrace - INFO - Setting up TLS context
2025-02-01 14:27:45,514 - SIPTrace - INFO - Loading certificates from certificates/server_certificate.pem
2025-02-01 14:27:45,515 - SIPTrace - INFO - TLS context setup complete
2025-02-01 14:27:45,515 - SIPTrace - INFO - EnhancedSIPIntegration initialized
2025-02-01 14:27:45,515 - SIPTrace - DEBUG - Authenticating session: test_session_001
2025-02-01 14:27:45,515 - SIPTrace - INFO - Authentication Success for session test_session_001
2025-02-01 14:27:45,515 - SIPTrace - INFO - 
==================================================
Starting Hyperledger Blockchain Messaging Test
==================================================
2025-02-01 14:31:32,317 - SIPTrace - INFO - Setting up TLS context
2025-02-01 14:31:32,321 - SIPTrace - INFO - Loading certificates from certificates/server_certificate.pem
2025-02-01 14:31:32,321 - SIPTrace - INFO - TLS context setup complete
2025-02-01 14:31:32,321 - SIPTrace - INFO - EnhancedSIPIntegration initialized
2025-02-01 14:31:32,321 - SIPTrace - DEBUG - Authenticating session: test_session_001
2025-02-01 14:31:32,321 - SIPTrace - INFO - Authentication Success for session test_session_001
2025-02-01 14:31:32,321 - SIPTrace - INFO - 
==================================================
Starting Hyperledger Blockchain Messaging Test
==================================================
2025-02-01 14:48:20,914 - SIPTrace - INFO - Setting up TLS context
2025-02-01 14:48:20,918 - SIPTrace - INFO - Loading certificates from certificates/server_certificate.pem
2025-02-01 14:48:20,918 - SIPTrace - INFO - TLS context setup complete
2025-02-01 14:48:20,919 - SIPTrace - INFO - EnhancedSIPIntegration initialized
2025-02-01 14:48:20,919 - SIPTrace - DEBUG - Authenticating session: test_session_001
2025-02-01 14:48:20,919 - SIPTrace - INFO - Authentication Success for session test_session_001
2025-02-01 14:48:20,919 - SIPTrace - INFO - 
==================================================
Starting Hyperledger Blockchain Messaging Test
==================================================
2025-02-01 14:55:26,362 - SIPTrace - INFO - Setting up TLS context
2025-02-01 14:55:26,366 - SIPTrace - INFO - Loading certificates from certificates/server_certificate.pem
2025-02-01 14:55:26,366 - SIPTrace - INFO - TLS context setup complete
2025-02-01 14:55:26,367 - SIPTrace - INFO - EnhancedSIPIntegration initialized
2025-02-01 14:55:26,367 - SIPTrace - DEBUG - Authenticating session: test_session_001
2025-02-01 14:55:26,367 - SIPTrace - INFO - Authentication Success for session test_session_001
2025-02-01 14:55:26,367 - SIPTrace - INFO - 
==================================================
Starting Hyperledger Blockchain Messaging Test
==================================================
2025-02-01 15:15:19,376 - SIPTrace - INFO - Setting up TLS context
2025-02-01 15:15:19,380 - SIPTrace - INFO - Loading certificates from certificates/server_certificate.pem
2025-02-01 15:15:19,381 - SIPTrace - INFO - TLS context setup complete
2025-02-01 15:15:19,381 - SIPTrace - INFO - EnhancedSIPIntegration initialized
2025-02-01 15:15:19,381 - SIPTrace - DEBUG - Authenticating session: test_session_001
2025-02-01 15:15:19,381 - SIPTrace - INFO - Authentication Success for session test_session_001
2025-02-01 15:15:19,381 - SIPTrace - INFO - 
==================================================
Starting Hyperledger Blockchain Messaging Test
==================================================
2025-02-01 15:18:36,778 - SIPTrace - INFO - Setting up TLS context
2025-02-01 15:18:36,783 - SIPTrace - INFO - Loading certificates from certificates/server_certificate.pem
2025-02-01 15:18:36,783 - SIPTrace - INFO - TLS context setup complete
2025-02-01 15:18:36,784 - SIPTrace - INFO - EnhancedSIPIntegration initialized
2025-02-01 15:18:36,784 - SIPTrace - DEBUG - Authenticating session: test_session_001
2025-02-01 15:18:36,784 - SIPTrace - INFO - Authentication Success for session test_session_001
2025-02-01 15:18:36,784 - SIPTrace - INFO - 
==================================================
Starting Hyperledger Blockchain Messaging Test
==================================================
2025-02-01 15:23:57,547 - SIPTrace - INFO - Setting up TLS context
2025-02-01 15:23:57,551 - SIPTrace - INFO - Loading certificates from certificates/server_certificate.pem
2025-02-01 15:23:57,551 - SIPTrace - INFO - TLS context setup complete
2025-02-01 15:23:57,552 - SIPTrace - INFO - EnhancedSIPIntegration initialized
2025-02-01 15:23:57,552 - SIPTrace - DEBUG - Authenticating session: test_session_001
2025-02-01 15:23:57,552 - SIPTrace - INFO - Authentication Success for session test_session_001
2025-02-01 15:23:57,552 - SIPTrace - INFO - 
==================================================
Starting Hyperledger Blockchain Messaging Test
==================================================
2025-02-01 15:35:17,757 - SIPTrace - INFO - Setting up TLS context
2025-02-01 15:35:17,761 - SIPTrace - INFO - Loading certificates from certificates/server_certificate.pem
2025-02-01 15:35:17,761 - SIPTrace - INFO - TLS context setup complete
2025-02-01 15:35:17,761 - SIPTrace - INFO - EnhancedSIPIntegration initialized
2025-02-01 15:35:17,761 - SIPTrace - DEBUG - Authenticating session: test_session_001
2025-02-01 15:35:17,761 - SIPTrace - INFO - Authentication Success for session test_session_001
2025-02-01 15:35:17,762 - SIPTrace - INFO - 
==================================================
Starting Hyperledger Blockchain Messaging Test
==================================================
2025-02-01 15:39:18,851 - SIPTrace - INFO - Setting up TLS context
2025-02-01 15:39:18,854 - SIPTrace - INFO - Loading certificates from certificates/server_certificate.pem
2025-02-01 15:39:18,855 - SIPTrace - INFO - TLS context setup complete
2025-02-01 15:39:18,855 - SIPTrace - INFO - EnhancedSIPIntegration initialized
2025-02-01 15:39:18,855 - SIPTrace - DEBUG - Authenticating session: test_session_001
2025-02-01 15:39:18,855 - SIPTrace - INFO - Authentication Success for session test_session_001
2025-02-01 15:39:18,855 - SIPTrace - INFO - 
==================================================
Starting Hyperledger Blockchain Messaging Test
==================================================
2025-02-01 15:41:54,997 - SIPTrace - INFO - Setting up TLS context
2025-02-01 15:41:55,001 - SIPTrace - INFO - Loading certificates from certificates/server_certificate.pem
2025-02-01 15:41:55,001 - SIPTrace - INFO - TLS context setup complete
2025-02-01 15:41:55,001 - SIPTrace - INFO - EnhancedSIPIntegration initialized
2025-02-01 15:41:55,001 - SIPTrace - DEBUG - Authenticating session: test_session_001
2025-02-01 15:41:55,001 - SIPTrace - INFO - Authentication Success for session test_session_001
2025-02-01 15:41:55,002 - SIPTrace - INFO - 
==================================================
Starting Hyperledger Blockchain Messaging Test
==================================================
2025-02-01 15:43:30,581 - SIPTrace - INFO - Setting up TLS context
2025-02-01 15:43:30,584 - SIPTrace - INFO - Loading certificates from certificates/server_certificate.pem
2025-02-01 15:43:30,584 - SIPTrace - INFO - TLS context setup complete
2025-02-01 15:43:30,584 - SIPTrace - INFO - EnhancedSIPIntegration initialized
2025-02-01 15:43:30,584 - SIPTrace - DEBUG - Authenticating session: test_session_001
2025-02-01 15:43:30,584 - SIPTrace - INFO - Authentication Success for session test_session_001
2025-02-01 15:43:30,585 - SIPTrace - INFO - 
==================================================
Starting Hyperledger Blockchain Messaging Test
==================================================
2025-02-01 15:45:02,629 - SIPTrace - INFO - Setting up TLS context
2025-02-01 15:45:02,632 - SIPTrace - INFO - Loading certificates from certificates/server_certificate.pem
2025-02-01 15:45:02,633 - SIPTrace - INFO - TLS context setup complete
2025-02-01 15:45:02,633 - SIPTrace - INFO - EnhancedSIPIntegration initialized
2025-02-01 15:45:02,633 - SIPTrace - DEBUG - Authenticating session: test_session_001
2025-02-01 15:45:02,633 - SIPTrace - INFO - Authentication Success for session test_session_001
2025-02-01 15:45:02,633 - SIPTrace - INFO - 
==================================================
Starting Hyperledger Blockchain Messaging Test
==================================================
2025-02-01 15:46:57,494 - SIPTrace - INFO - Setting up TLS context
2025-02-01 15:46:57,497 - SIPTrace - INFO - Loading certificates from certificates/server_certificate.pem
2025-02-01 15:46:57,497 - SIPTrace - INFO - TLS context setup complete
2025-02-01 15:46:57,498 - SIPTrace - INFO - EnhancedSIPIntegration initialized
2025-02-01 15:46:57,498 - SIPTrace - DEBUG - Authenticating session: test_session_001
2025-02-01 15:46:57,498 - SIPTrace - INFO - Authentication Success for session test_session_001
2025-02-01 15:46:57,498 - SIPTrace - INFO - 
==================================================
Starting Hyperledger Blockchain Messaging Test
==================================================
2025-02-01 17:26:45,723 - SIPTrace - INFO - Setting up TLS context
2025-02-01 17:26:45,727 - SIPTrace - INFO - Loading certificates from certificates/server_certificate.pem
2025-02-01 17:26:45,728 - SIPTrace - INFO - TLS context setup complete
2025-02-01 17:26:45,728 - SIPTrace - INFO - EnhancedSIPIntegration initialized
2025-02-01 17:26:45,728 - SIPTrace - DEBUG - Authenticating session: test_session_001
2025-02-01 17:26:45,728 - SIPTrace - INFO - Authentication Success for session test_session_001
2025-02-01 17:26:45,728 - SIPTrace - INFO - 
==================================================
Starting Hyperledger Blockchain Messaging Test
==================================================
2025-02-01 17:28:51,848 - SIPTrace - INFO - Setting up TLS context
2025-02-01 17:28:51,851 - SIPTrace - INFO - Loading certificates from certificates/server_certificate.pem
2025-02-01 17:28:51,852 - SIPTrace - INFO - TLS context setup complete
2025-02-01 17:28:51,852 - SIPTrace - INFO - EnhancedSIPIntegration initialized
2025-02-01 17:28:51,852 - SIPTrace - DEBUG - Authenticating session: test_session_001
2025-02-01 17:28:51,852 - SIPTrace - INFO - Authentication Success for session test_session_001
2025-02-01 17:28:51,852 - SIPTrace - INFO - 
==================================================
Starting Hyperledger Blockchain Messaging Test
==================================================
2025-02-01 17:33:51,214 - SIPTrace - INFO - Setting up TLS context
2025-02-01 17:33:51,217 - SIPTrace - INFO - Loading certificates from certificates/server_certificate.pem
2025-02-01 17:33:51,217 - SIPTrace - INFO - TLS context setup complete
2025-02-01 17:33:51,217 - SIPTrace - INFO - EnhancedSIPIntegration initialized
2025-02-01 17:33:51,218 - SIPTrace - DEBUG - Authenticating session: test_session_001
2025-02-01 17:33:51,218 - SIPTrace - INFO - Authentication Success for session test_session_001
2025-02-01 17:33:51,218 - SIPTrace - INFO - 
==================================================
Starting Hyperledger Blockchain Messaging Test
==================================================
2025-02-01 17:36:03,847 - SIPTrace - INFO - Setting up TLS context
2025-02-01 17:36:03,850 - SIPTrace - INFO - Loading certificates from certificates/server_certificate.pem
2025-02-01 17:36:03,850 - SIPTrace - INFO - TLS context setup complete
2025-02-01 17:36:03,850 - SIPTrace - INFO - EnhancedSIPIntegration initialized
2025-02-01 17:36:03,850 - SIPTrace - DEBUG - Authenticating session: test_session_001
2025-02-01 17:36:03,851 - SIPTrace - INFO - Authentication Success for session test_session_001
2025-02-01 17:36:03,851 - SIPTrace - INFO - 
==================================================
Starting Hyperledger Blockchain Messaging Test
==================================================
2025-02-01 18:01:26,555 - SIPTrace - INFO - Setting up TLS context
2025-02-01 18:01:26,560 - SIPTrace - INFO - Loading certificates from certificates/server_certificate.pem
2025-02-01 18:01:26,560 - SIPTrace - INFO - TLS context setup complete
2025-02-01 18:01:26,560 - SIPTrace - INFO - EnhancedSIPIntegration initialized
2025-02-01 18:01:26,560 - SIPTrace - DEBUG - Authenticating session: test_session_001
2025-02-01 18:01:26,560 - SIPTrace - INFO - Authentication Success for session test_session_001
2025-02-01 18:01:26,560 - SIPTrace - INFO - 
==================================================
Starting Hyperledger Blockchain Messaging Test
==================================================
2025-02-01 18:16:35,350 - SIPTrace - INFO - Setting up TLS context
2025-02-01 18:16:35,353 - SIPTrace - INFO - Loading certificates from certificates/server_certificate.pem
2025-02-01 18:16:35,353 - SIPTrace - INFO - TLS context setup complete
2025-02-01 18:16:35,354 - SIPTrace - INFO - EnhancedSIPIntegration initialized
2025-02-01 18:16:35,354 - SIPTrace - DEBUG - Authenticating session: test_session_001
2025-02-01 18:16:35,354 - SIPTrace - INFO - Authentication Success for session test_session_001
2025-02-01 18:16:35,354 - SIPTrace - INFO - 
==================================================
Starting Hyperledger Blockchain Messaging Test
==================================================
2025-02-01 18:20:07,259 - SIPTrace - INFO - Setting up TLS context
2025-02-01 18:20:07,262 - SIPTrace - INFO - Loading certificates from certificates/server_certificate.pem
2025-02-01 18:20:07,263 - SIPTrace - INFO - TLS context setup complete
2025-02-01 18:20:07,263 - SIPTrace - INFO - EnhancedSIPIntegration initialized
2025-02-01 18:20:07,263 - SIPTrace - DEBUG - Authenticating session: test_session_001
2025-02-01 18:20:07,263 - SIPTrace - INFO - Authentication Success for session test_session_001
2025-02-01 18:20:07,263 - SIPTrace - INFO - 
==================================================
Starting Hyperledger Blockchain Messaging Test
==================================================
2025-02-01 18:23:49,899 - SIPTrace - INFO - Setting up TLS context
2025-02-01 18:23:49,903 - SIPTrace - INFO - Loading certificates from certificates/server_certificate.pem
2025-02-01 18:23:49,903 - SIPTrace - INFO - TLS context setup complete
2025-02-01 18:23:49,903 - SIPTrace - INFO - EnhancedSIPIntegration initialized
2025-02-01 18:23:49,903 - SIPTrace - DEBUG - Authenticating session: test_session_001
2025-02-01 18:23:49,903 - SIPTrace - INFO - Authentication Success for session test_session_001
2025-02-01 18:23:49,904 - SIPTrace - INFO - 
==================================================
Starting Hyperledger Blockchain Messaging Test
==================================================
2025-02-01 19:17:41,560 - SIPTrace - INFO - Setting up TLS context
2025-02-01 19:17:41,564 - SIPTrace - INFO - Loading certificates from certificates/server_certificate.pem
2025-02-01 19:17:41,565 - SIPTrace - INFO - TLS context setup complete
2025-02-01 19:17:41,565 - SIPTrace - INFO - EnhancedSIPIntegration initialized
2025-02-01 19:17:41,565 - SIPTrace - DEBUG - Authenticating session: test_session_001
2025-02-01 19:17:41,565 - SIPTrace - INFO - Authentication Success for session test_session_001
2025-02-01 19:17:41,565 - SIPTrace - INFO - 
==================================================
Starting Hyperledger Blockchain Messaging Test
==================================================
2025-02-01 19:30:45,717 - SIPTrace - INFO - Setting up TLS context
2025-02-01 19:30:45,721 - SIPTrace - INFO - Loading certificates from certificates/server_certificate.pem
2025-02-01 19:30:45,722 - SIPTrace - INFO - TLS context setup complete
2025-02-01 19:30:45,722 - SIPTrace - INFO - EnhancedSIPIntegration initialized
2025-02-01 19:30:45,722 - SIPTrace - DEBUG - Authenticating session: test_session_001
2025-02-01 19:30:45,722 - SIPTrace - INFO - Authentication Success for session test_session_001
2025-02-01 19:30:45,722 - SIPTrace - INFO - 
==================================================
Starting Hyperledger Blockchain Messaging Test
==================================================
2025-02-01 19:33:59,652 - SIPTrace - INFO - Setting up TLS context
2025-02-01 19:33:59,656 - SIPTrace - INFO - Loading certificates from certificates/server_certificate.pem
2025-02-01 19:33:59,656 - SIPTrace - INFO - TLS context setup complete
2025-02-01 19:33:59,656 - SIPTrace - INFO - EnhancedSIPIntegration initialized
2025-02-01 19:33:59,657 - SIPTrace - DEBUG - Authenticating session: test_session_001
2025-02-01 19:33:59,657 - SIPTrace - INFO - Authentication Success for session test_session_001
2025-02-01 19:33:59,657 - SIPTrace - INFO - 
==================================================
Starting Hyperledger Blockchain Messaging Test
==================================================
2025-02-01 19:39:58,314 - SIPTrace - INFO - Setting up TLS context
2025-02-01 19:39:58,318 - SIPTrace - INFO - Loading certificates from certificates/server_certificate.pem
2025-02-01 19:39:58,318 - SIPTrace - INFO - TLS context setup complete
2025-02-01 19:39:58,318 - SIPTrace - INFO - EnhancedSIPIntegration initialized
2025-02-01 19:39:58,319 - SIPTrace - DEBUG - Authenticating session: test_session_001
2025-02-01 19:39:58,319 - SIPTrace - INFO - Authentication Success for session test_session_001
2025-02-01 19:39:58,319 - SIPTrace - INFO - 
==================================================
Starting Hyperledger Blockchain Messaging Test
==================================================
2025-02-01 19:47:25,596 - SIPTrace - INFO - Setting up TLS context
2025-02-01 19:47:25,601 - SIPTrace - INFO - Loading certificates from certificates/server_certificate.pem
2025-02-01 19:47:25,601 - SIPTrace - INFO - TLS context setup complete
2025-02-01 19:47:25,601 - SIPTrace - INFO - EnhancedSIPIntegration initialized
2025-02-01 19:47:25,601 - SIPTrace - DEBUG - Authenticating session: test_session_001
2025-02-01 19:47:25,602 - SIPTrace - INFO - Authentication Success for session test_session_001
2025-02-01 19:47:25,602 - SIPTrace - INFO - 
==================================================
Starting Hyperledger Blockchain Messaging Test
==================================================
2025-02-01 19:56:06,841 - SIPTrace - INFO - Setting up TLS context
2025-02-01 19:56:06,846 - SIPTrace - INFO - Loading certificates from certificates/server_certificate.pem
2025-02-01 19:56:06,847 - SIPTrace - INFO - TLS context setup complete
2025-02-01 19:56:06,847 - SIPTrace - INFO - EnhancedSIPIntegration initialized
2025-02-01 19:56:06,847 - SIPTrace - DEBUG - Authenticating session: test_session_001
2025-02-01 19:56:06,847 - SIPTrace - INFO - Authentication Success for session test_session_001
2025-02-01 19:56:06,848 - SIPTrace - INFO - 
==================================================
Starting Hyperledger Blockchain Messaging Test
==================================================
2025-02-01 19:59:18,956 - SIPTrace - INFO - Setting up TLS context
2025-02-01 19:59:18,960 - SIPTrace - INFO - Loading certificates from certificates/server_certificate.pem
2025-02-01 19:59:18,960 - SIPTrace - INFO - TLS context setup complete
2025-02-01 19:59:18,960 - SIPTrace - INFO - EnhancedSIPIntegration initialized
2025-02-01 19:59:18,961 - SIPTrace - DEBUG - Authenticating session: test_session_001
2025-02-01 19:59:18,961 - SIPTrace - INFO - Authentication Success for session test_session_001
2025-02-01 19:59:18,961 - SIPTrace - INFO - 
==================================================
Starting Hyperledger Blockchain Messaging Test
==================================================
