2025-02-06 14:43:22,714 - QuantumMQTT - INFO - Connected to MQTT broker with result code: 0
2025-02-06 14:43:22,714 - QuantumMQTT - INFO - Successfully connected to MQTT broker
2025-02-06 14:43:22,714 - QuantumMQTT - INFO - Connected to MQTT broker with result code: 0
2025-02-06 14:43:22,714 - QuantumMQTT - INFO - Successfully connected to MQTT broker
2025-02-06 14:43:23,040 - QuantumMQTT - INFO - Connected to MQTT broker with result code: 0
2025-02-06 14:43:23,042 - QuantumMQTT - INFO - Connected to MQTT broker with result code: 0
2025-02-06 14:43:23,042 - QuantumMQTT - INFO - Connected to MQTT broker with result code: 0
2025-02-06 15:44:43,301 - QuantumMQTT - INFO - Connected to MQTT broker with result code: 0
2025-02-06 15:44:43,301 - QuantumMQTT - INFO - Successfully connected to MQTT broker
2025-02-06 15:44:43,308 - QuantumMQTT - INFO - Connected to MQTT broker with result code: 0
2025-02-06 15:44:43,308 - QuantumMQTT - INFO - Successfully connected to MQTT broker
2025-02-06 15:44:43,614 - QuantumMQTT - INFO - Connected to MQTT broker with result code: 0
2025-02-06 15:44:43,615 - QuantumMQTT - INFO - Connected to MQTT broker with result code: 0
2025-02-06 15:44:43,614 - QuantumMQTT - INFO - Connected to MQTT broker with result code: 0
2025-02-06 15:44:43,615 - QuantumMQTT - INFO - Connected to MQTT broker with result code: 0
2025-02-07 19:34:53,412 - QuantumMQTT - INFO - Connected to MQTT broker with result code: 0
2025-02-07 19:34:53,412 - QuantumMQTT - INFO - Connected to MQTT broker with result code: 0
2025-02-07 19:34:53,418 - QuantumMQTT - INFO - Successfully connected to MQTT broker
2025-02-07 19:34:53,433 - QuantumMQTT - INFO - Successfully connected to MQTT broker
2025-02-07 19:34:53,940 - QuantumMQTT - INFO - Connected to MQTT broker with result code: 0
2025-02-07 19:34:53,940 - QuantumMQTT - INFO - Connected to MQTT broker with result code: 0
2025-02-07 19:34:53,941 - QuantumMQTT - INFO - Successfully connected to MQTT broker
2025-02-07 19:34:53,941 - QuantumMQTT - INFO - Successfully connected to MQTT broker
2025-02-07 19:34:54,010 - QuantumMQTT - INFO - Connected to MQTT broker with result code: 0
2025-02-07 19:34:54,010 - QuantumMQTT - INFO - Connected to MQTT broker with result code: 0
2025-02-07 19:34:54,011 - QuantumMQTT - INFO - Successfully connected to MQTT broker
2025-02-07 19:34:54,011 - QuantumMQTT - INFO - Successfully connected to MQTT broker
2025-02-07 22:38:37,898 - QuantumMQTT - INFO - Connected to MQTT broker with result code: 0
2025-02-07 22:38:37,899 - QuantumMQTT - INFO - Connected to MQTT broker with result code: 0
2025-02-07 22:38:37,899 - QuantumMQTT - INFO - Successfully connected to MQTT broker
2025-02-07 22:38:37,899 - QuantumMQTT - INFO - Successfully connected to MQTT broker
2025-02-07 22:38:38,431 - QuantumMQTT - INFO - Connected to MQTT broker with result code: 0
2025-02-07 22:38:38,431 - QuantumMQTT - INFO - Connected to MQTT broker with result code: 0
2025-02-07 22:38:38,432 - QuantumMQTT - INFO - Successfully connected to MQTT broker
2025-02-07 22:38:38,432 - QuantumMQTT - INFO - Successfully connected to MQTT broker
2025-02-07 22:38:38,481 - QuantumMQTT - INFO - Connected to MQTT broker with result code: 0
2025-02-07 22:38:38,481 - QuantumMQTT - INFO - Connected to MQTT broker with result code: 0
2025-02-07 22:38:38,482 - QuantumMQTT - INFO - Successfully connected to MQTT broker
2025-02-07 22:38:38,482 - QuantumMQTT - INFO - Successfully connected to MQTT broker
2025-02-07 22:41:04,384 - QuantumMQTT - INFO - Connected to MQTT broker with result code: 0
2025-02-07 22:41:04,404 - QuantumMQTT - INFO - Connected to MQTT broker with result code: 0
2025-02-07 22:41:04,404 - QuantumMQTT - INFO - Successfully connected to MQTT broker
2025-02-07 22:41:04,437 - QuantumMQTT - INFO - Successfully connected to MQTT broker
2025-02-07 22:41:04,807 - QuantumMQTT - INFO - Connected to MQTT broker with result code: 0
2025-02-07 22:41:04,807 - QuantumMQTT - INFO - Connected to MQTT broker with result code: 0
2025-02-07 22:41:04,851 - QuantumMQTT - INFO - Connected to MQTT broker with result code: 0
2025-02-07 22:41:04,851 - QuantumMQTT - INFO - Connected to MQTT broker with result code: 0
2025-02-07 22:45:04,067 - QuantumMQTT - INFO - Connected to MQTT broker with result code: 0
2025-02-07 22:45:04,067 - QuantumMQTT - INFO - Connected to MQTT broker with result code: 0
2025-02-07 22:45:04,067 - QuantumMQTT - INFO - Successfully connected to MQTT broker
2025-02-07 22:45:04,067 - QuantumMQTT - INFO - Successfully connected to MQTT broker
2025-02-07 22:45:04,559 - QuantumMQTT - INFO - Connected to MQTT broker with result code: 0
2025-02-07 22:45:04,559 - QuantumMQTT - INFO - Connected to MQTT broker with result code: 0
2025-02-07 22:45:04,560 - QuantumMQTT - INFO - Successfully connected to MQTT broker
2025-02-07 22:45:04,560 - QuantumMQTT - INFO - Successfully connected to MQTT broker
2025-02-07 22:45:04,582 - QuantumMQTT - INFO - Connected to MQTT broker with result code: 0
2025-02-07 22:45:04,582 - QuantumMQTT - INFO - Connected to MQTT broker with result code: 0
2025-02-07 22:45:04,583 - QuantumMQTT - INFO - Successfully connected to MQTT broker
2025-02-07 22:46:03,872 - QuantumMQTT - INFO - Connected to MQTT broker with result code: 0
2025-02-07 22:46:03,876 - QuantumMQTT - INFO - Connected to MQTT broker with result code: 0
2025-02-07 22:46:03,876 - QuantumMQTT - INFO - Successfully connected to MQTT broker
2025-02-07 22:46:03,928 - QuantumMQTT - INFO - Successfully connected to MQTT broker
2025-02-07 22:46:04,323 - QuantumMQTT - INFO - Connected to MQTT broker with result code: 0
2025-02-07 22:46:04,323 - QuantumMQTT - INFO - Connected to MQTT broker with result code: 0
2025-02-07 22:46:04,419 - QuantumMQTT - INFO - Connected to MQTT broker with result code: 0
2025-02-07 22:46:04,419 - QuantumMQTT - INFO - Connected to MQTT broker with result code: 0
2025-02-07 22:46:04,422 - QuantumMQTT - INFO - Successfully connected to MQTT broker
2025-02-07 22:46:04,422 - QuantumMQTT - INFO - Successfully connected to MQTT broker
2025-02-07 22:54:39,319 - QuantumMQTT - INFO - Connected to MQTT broker with result code: 0
2025-02-07 22:54:39,319 - QuantumMQTT - INFO - Connected to MQTT broker with result code: 0
2025-02-07 22:54:39,319 - QuantumMQTT - INFO - Successfully connected to MQTT broker
2025-02-07 22:54:39,319 - QuantumMQTT - INFO - Successfully connected to MQTT broker
2025-02-07 22:54:39,720 - QuantumMQTT - INFO - Connected to MQTT broker with result code: 0
2025-02-07 22:54:39,720 - QuantumMQTT - INFO - Connected to MQTT broker with result code: 0
2025-02-07 22:54:39,720 - QuantumMQTT - INFO - Successfully connected to MQTT broker
2025-02-07 22:54:39,720 - QuantumMQTT - INFO - Successfully connected to MQTT broker
2025-02-07 22:54:39,745 - QuantumMQTT - INFO - Connected to MQTT broker with result code: 0
2025-02-07 22:54:39,745 - QuantumMQTT - INFO - Connected to MQTT broker with result code: 0
2025-02-07 23:29:51,027 - QuantumMQTT - INFO - Connected to MQTT broker with result code: 0
2025-02-07 23:29:51,027 - QuantumMQTT - INFO - Successfully connected to MQTT broker
2025-02-07 23:29:51,036 - QuantumMQTT - INFO - Connected to MQTT broker with result code: 0
2025-02-07 23:29:51,036 - QuantumMQTT - INFO - Successfully connected to MQTT broker
2025-02-07 23:29:51,474 - QuantumMQTT - INFO - Connected to MQTT broker with result code: 0
2025-02-07 23:29:51,474 - QuantumMQTT - INFO - Connected to MQTT broker with result code: 0
2025-02-07 23:29:51,510 - QuantumMQTT - INFO - Connected to MQTT broker with result code: 0
2025-02-07 23:29:51,510 - QuantumMQTT - INFO - Connected to MQTT broker with result code: 0
2025-02-07 23:47:49,429 - QuantumMQTT - INFO - Connected to MQTT broker with result code: 0
2025-02-07 23:47:49,429 - QuantumMQTT - INFO - Successfully connected to MQTT broker
2025-02-07 23:47:49,473 - QuantumMQTT - INFO - Connected to MQTT broker with result code: 0
2025-02-07 23:47:49,473 - QuantumMQTT - INFO - Successfully connected to MQTT broker
2025-02-07 23:47:49,913 - QuantumMQTT - INFO - Connected to MQTT broker with result code: 0
2025-02-07 23:47:49,913 - QuantumMQTT - INFO - Connected to MQTT broker with result code: 0
2025-02-07 23:47:49,974 - QuantumMQTT - INFO - Connected to MQTT broker with result code: 0
2025-02-07 23:47:49,974 - QuantumMQTT - INFO - Connected to MQTT broker with result code: 0
2025-02-08 00:26:55,635 - QuantumMQTT - INFO - Connected to MQTT broker with result code: 0
2025-02-08 00:26:55,635 - QuantumMQTT - INFO - Successfully connected to MQTT broker
2025-02-08 00:26:55,793 - QuantumMQTT - INFO - Connected to MQTT broker with result code: 0
2025-02-08 00:26:55,794 - QuantumMQTT - INFO - Successfully connected to MQTT broker
2025-02-08 00:26:56,958 - QuantumMQTT - INFO - Connected to MQTT broker with result code: 0
2025-02-08 00:26:56,979 - QuantumMQTT - INFO - Connected to MQTT broker with result code: 0
2025-02-08 00:26:56,979 - QuantumMQTT - INFO - Connected to MQTT broker with result code: 0
2025-02-08 00:26:56,980 - QuantumMQTT - INFO - Successfully connected to MQTT broker
2025-02-08 00:26:56,980 - QuantumMQTT - INFO - Successfully connected to MQTT broker
2025-02-08 00:27:07,967 - QuantumMQTT - INFO - Connected to MQTT broker with result code: 0
2025-02-08 00:27:07,967 - QuantumMQTT - INFO - Successfully connected to MQTT broker
2025-02-08 00:27:08,111 - QuantumMQTT - INFO - Connected to MQTT broker with result code: 0
2025-02-08 00:27:08,111 - QuantumMQTT - INFO - Successfully connected to MQTT broker
2025-02-08 00:27:08,373 - QuantumMQTT - INFO - Connected to MQTT broker with result code: 0
2025-02-08 00:27:08,373 - QuantumMQTT - INFO - Connected to MQTT broker with result code: 0
2025-02-08 00:27:08,634 - QuantumMQTT - INFO - Connected to MQTT broker with result code: 0
2025-02-08 00:27:08,634 - QuantumMQTT - INFO - Connected to MQTT broker with result code: 0
2025-02-08 00:44:02,755 - QuantumMQTT - INFO - Connected to MQTT broker with result code: 0
2025-02-08 00:44:02,755 - QuantumMQTT - INFO - Successfully connected to MQTT broker
2025-02-08 00:44:02,788 - QuantumMQTT - INFO - Connected to MQTT broker with result code: 0
2025-02-08 00:44:02,788 - QuantumMQTT - INFO - Successfully connected to MQTT broker
2025-02-08 00:44:03,398 - QuantumMQTT - INFO - Connected to MQTT broker with result code: 0
2025-02-08 00:44:03,398 - QuantumMQTT - INFO - Connected to MQTT broker with result code: 0
2025-02-08 00:44:03,398 - QuantumMQTT - INFO - Successfully connected to MQTT broker
2025-02-08 00:44:03,398 - QuantumMQTT - INFO - Successfully connected to MQTT broker
2025-02-08 00:44:03,403 - QuantumMQTT - INFO - Connected to MQTT broker with result code: 0
2025-02-08 00:44:03,403 - QuantumMQTT - INFO - Connected to MQTT broker with result code: 0
2025-02-08 00:44:03,404 - QuantumMQTT - INFO - Successfully connected to MQTT broker
2025-02-08 00:44:03,404 - QuantumMQTT - INFO - Successfully connected to MQTT broker
2025-02-08 14:48:07,346 - QuantumMQTT - INFO - Connected to MQTT broker with result code: 0
2025-02-08 14:48:07,346 - QuantumMQTT - INFO - Successfully connected to MQTT broker
2025-02-08 14:48:07,368 - QuantumMQTT - INFO - Connected to MQTT broker with result code: 0
2025-02-08 14:48:07,369 - QuantumMQTT - INFO - Successfully connected to MQTT broker
2025-02-08 14:48:07,492 - QuantumMQTT - INFO - Connected to MQTT broker with result code: 0
2025-02-08 14:48:07,513 - QuantumMQTT - INFO - Successfully connected to MQTT broker
2025-02-08 14:48:07,869 - QuantumMQTT - INFO - Connected to MQTT broker with result code: 0
2025-02-08 14:48:07,869 - QuantumMQTT - INFO - Connected to MQTT broker with result code: 0
2025-02-08 14:48:07,901 - QuantumMQTT - INFO - Connected to MQTT broker with result code: 0
2025-02-08 14:48:07,901 - QuantumMQTT - INFO - Connected to MQTT broker with result code: 0
2025-02-08 14:48:07,903 - QuantumMQTT - INFO - Successfully connected to MQTT broker
2025-02-08 14:48:07,903 - QuantumMQTT - INFO - Successfully connected to MQTT broker
2025-02-08 14:48:08,075 - QuantumMQTT - INFO - Connected to MQTT broker with result code: 0
2025-02-08 14:48:08,075 - QuantumMQTT - INFO - Connected to MQTT broker with result code: 0
2025-02-08 14:48:08,077 - QuantumMQTT - INFO - Successfully connected to MQTT broker
2025-02-08 14:48:08,077 - QuantumMQTT - INFO - Successfully connected to MQTT broker
2025-02-08 14:58:33,332 - QuantumMQTT - INFO - Connected to MQTT broker with result code: 0
2025-02-08 14:58:33,347 - QuantumMQTT - INFO - Connected to MQTT broker with result code: 0
2025-02-08 14:58:33,347 - QuantumMQTT - INFO - Connected to MQTT broker with result code: 0
2025-02-08 14:58:33,347 - QuantumMQTT - INFO - Successfully connected to MQTT broker
2025-02-08 14:58:33,353 - QuantumMQTT - INFO - Successfully connected to MQTT broker
2025-02-08 14:58:33,386 - QuantumMQTT - INFO - Successfully connected to MQTT broker
2025-02-08 14:58:33,962 - QuantumMQTT - INFO - Connected to MQTT broker with result code: 0
2025-02-08 14:58:33,962 - QuantumMQTT - INFO - Connected to MQTT broker with result code: 0
2025-02-08 14:58:33,963 - QuantumMQTT - INFO - Successfully connected to MQTT broker
2025-02-08 14:58:33,963 - QuantumMQTT - INFO - Successfully connected to MQTT broker
2025-02-08 14:58:33,983 - QuantumMQTT - INFO - Connected to MQTT broker with result code: 0
2025-02-08 14:58:33,983 - QuantumMQTT - INFO - Connected to MQTT broker with result code: 0
2025-02-08 14:58:33,984 - QuantumMQTT - INFO - Successfully connected to MQTT broker
2025-02-08 14:58:33,984 - QuantumMQTT - INFO - Successfully connected to MQTT broker
2025-02-08 14:58:33,989 - QuantumMQTT - INFO - Connected to MQTT broker with result code: 0
2025-02-08 14:58:33,989 - QuantumMQTT - INFO - Connected to MQTT broker with result code: 0
2025-02-08 18:43:24,687 - QuantumMQTT - INFO - Connected to MQTT broker with result code: 0
2025-02-08 18:43:24,687 - QuantumMQTT - INFO - Successfully connected to MQTT broker
2025-02-08 18:43:24,694 - QuantumMQTT - INFO - Connected to MQTT broker with result code: 0
2025-02-08 18:43:24,694 - QuantumMQTT - INFO - Successfully connected to MQTT broker
2025-02-08 18:43:24,701 - QuantumMQTT - INFO - Connected to MQTT broker with result code: 0
2025-02-08 18:43:24,702 - QuantumMQTT - INFO - Successfully connected to MQTT broker
2025-02-08 18:43:25,145 - QuantumMQTT - INFO - Connected to MQTT broker with result code: 0
2025-02-08 18:43:25,145 - QuantumMQTT - INFO - Connected to MQTT broker with result code: 0
2025-02-08 18:43:25,177 - QuantumMQTT - INFO - Connected to MQTT broker with result code: 0
2025-02-08 18:43:25,249 - QuantumMQTT - INFO - Connected to MQTT broker with result code: 0
2025-02-08 18:43:25,249 - QuantumMQTT - INFO - Connected to MQTT broker with result code: 0
2025-02-08 18:43:25,249 - QuantumMQTT - INFO - Successfully connected to MQTT broker
2025-02-08 18:49:45,191 - QuantumMQTT - INFO - Connected to MQTT broker with result code: 0
2025-02-08 18:49:45,214 - QuantumMQTT - INFO - Successfully connected to MQTT broker
2025-02-08 18:49:45,227 - QuantumMQTT - INFO - Connected to MQTT broker with result code: 0
2025-02-08 18:49:45,236 - QuantumMQTT - INFO - Successfully connected to MQTT broker
2025-02-08 18:49:45,415 - QuantumMQTT - INFO - Connected to MQTT broker with result code: 0
2025-02-08 18:49:45,444 - QuantumMQTT - INFO - Successfully connected to MQTT broker
2025-02-08 18:49:45,678 - QuantumMQTT - INFO - Connected to MQTT broker with result code: 0
2025-02-08 18:49:45,678 - QuantumMQTT - INFO - Connected to MQTT broker with result code: 0
2025-02-08 18:49:45,686 - QuantumMQTT - INFO - Connected to MQTT broker with result code: 0
2025-02-08 18:49:45,686 - QuantumMQTT - INFO - Connected to MQTT broker with result code: 0
2025-02-08 18:49:45,912 - QuantumMQTT - INFO - Connected to MQTT broker with result code: 0
2025-02-08 18:49:45,912 - QuantumMQTT - INFO - Connected to MQTT broker with result code: 0
2025-02-08 18:49:45,914 - QuantumMQTT - INFO - Successfully connected to MQTT broker
2025-02-08 18:49:45,914 - QuantumMQTT - INFO - Successfully connected to MQTT broker
2025-02-08 19:12:16,554 - QuantumMQTT - INFO - Connected to MQTT broker with result code: 0
2025-02-08 19:12:16,560 - QuantumMQTT - INFO - Connected to MQTT broker with result code: 0
2025-02-08 19:12:16,560 - QuantumMQTT - INFO - Successfully connected to MQTT broker
2025-02-08 19:12:16,566 - QuantumMQTT - INFO - Connected to MQTT broker with result code: 0
2025-02-08 19:12:16,566 - QuantumMQTT - INFO - Successfully connected to MQTT broker
2025-02-08 19:12:16,588 - QuantumMQTT - INFO - Successfully connected to MQTT broker
2025-02-08 19:12:17,076 - QuantumMQTT - INFO - Connected to MQTT broker with result code: 0
2025-02-08 19:12:17,076 - QuantumMQTT - INFO - Connected to MQTT broker with result code: 0
2025-02-08 19:12:17,077 - QuantumMQTT - INFO - Successfully connected to MQTT broker
2025-02-08 19:12:17,077 - QuantumMQTT - INFO - Successfully connected to MQTT broker
2025-02-08 19:12:17,088 - QuantumMQTT - INFO - Connected to MQTT broker with result code: 0
2025-02-08 19:12:17,088 - QuantumMQTT - INFO - Connected to MQTT broker with result code: 0
2025-02-08 19:12:17,089 - QuantumMQTT - INFO - Successfully connected to MQTT broker
2025-02-08 19:12:17,089 - QuantumMQTT - INFO - Successfully connected to MQTT broker
2025-02-08 19:12:17,129 - QuantumMQTT - INFO - Connected to MQTT broker with result code: 0
2025-02-08 19:12:17,129 - QuantumMQTT - INFO - Connected to MQTT broker with result code: 0
2025-02-08 19:12:17,130 - QuantumMQTT - INFO - Successfully connected to MQTT broker
2025-02-08 19:12:17,130 - QuantumMQTT - INFO - Successfully connected to MQTT broker
2025-02-08 19:16:15,767 - QuantumMQTT - INFO - Connected to MQTT broker with result code: 0
2025-02-08 19:16:15,767 - QuantumMQTT - INFO - Successfully connected to MQTT broker
2025-02-08 19:16:15,775 - QuantumMQTT - INFO - Connected to MQTT broker with result code: 0
2025-02-08 19:16:15,789 - QuantumMQTT - INFO - Connected to MQTT broker with result code: 0
2025-02-08 19:16:15,789 - QuantumMQTT - INFO - Successfully connected to MQTT broker
2025-02-08 19:16:15,806 - QuantumMQTT - INFO - Successfully connected to MQTT broker
2025-02-08 19:16:16,238 - QuantumMQTT - INFO - Connected to MQTT broker with result code: 0
2025-02-08 19:16:16,238 - QuantumMQTT - INFO - Connected to MQTT broker with result code: 0
2025-02-08 19:16:16,238 - QuantumMQTT - INFO - Successfully connected to MQTT broker
2025-02-08 19:16:16,238 - QuantumMQTT - INFO - Successfully connected to MQTT broker
2025-02-08 19:16:16,240 - QuantumMQTT - INFO - Connected to MQTT broker with result code: 0
2025-02-08 19:16:16,240 - QuantumMQTT - INFO - Connected to MQTT broker with result code: 0
2025-02-08 19:16:16,241 - QuantumMQTT - INFO - Successfully connected to MQTT broker
2025-02-08 19:16:16,241 - QuantumMQTT - INFO - Successfully connected to MQTT broker
2025-02-08 19:16:16,272 - QuantumMQTT - INFO - Connected to MQTT broker with result code: 0
2025-02-08 19:16:16,272 - QuantumMQTT - INFO - Connected to MQTT broker with result code: 0
2025-02-08 19:21:16,543 - QuantumMQTT - INFO - Connected to MQTT broker with result code: 0
2025-02-08 19:21:16,544 - QuantumMQTT - INFO - Successfully connected to MQTT broker
2025-02-08 19:21:16,581 - QuantumMQTT - INFO - Connected to MQTT broker with result code: 0
2025-02-08 19:21:16,582 - QuantumMQTT - INFO - Successfully connected to MQTT broker
2025-02-08 19:21:16,593 - QuantumMQTT - INFO - Connected to MQTT broker with result code: 0
2025-02-08 19:35:15,026 - QuantumMQTT - INFO - Connected to MQTT broker with result code: 0
2025-02-08 19:35:15,027 - QuantumMQTT - INFO - Successfully connected to MQTT broker
2025-02-08 19:35:15,039 - QuantumMQTT - INFO - Connected to MQTT broker with result code: 0
2025-02-08 19:35:15,039 - QuantumMQTT - INFO - Successfully connected to MQTT broker
2025-02-08 19:35:15,075 - QuantumMQTT - INFO - Connected to MQTT broker with result code: 0
2025-02-08 19:35:15,075 - QuantumMQTT - INFO - Successfully connected to MQTT broker
2025-02-08 19:35:15,561 - QuantumMQTT - INFO - Connected to MQTT broker with result code: 0
2025-02-08 19:35:15,561 - QuantumMQTT - INFO - Connected to MQTT broker with result code: 0
2025-02-08 19:35:15,562 - QuantumMQTT - INFO - Successfully connected to MQTT broker
2025-02-08 19:35:15,562 - QuantumMQTT - INFO - Successfully connected to MQTT broker
2025-02-08 19:35:15,569 - QuantumMQTT - INFO - Connected to MQTT broker with result code: 0
2025-02-08 19:35:15,569 - QuantumMQTT - INFO - Connected to MQTT broker with result code: 0
2025-02-08 19:35:15,570 - QuantumMQTT - INFO - Successfully connected to MQTT broker
2025-02-08 19:35:15,570 - QuantumMQTT - INFO - Successfully connected to MQTT broker
2025-02-08 19:35:15,576 - QuantumMQTT - INFO - Connected to MQTT broker with result code: 0
2025-02-08 19:35:15,576 - QuantumMQTT - INFO - Connected to MQTT broker with result code: 0
2025-02-08 19:35:15,577 - QuantumMQTT - INFO - Successfully connected to MQTT broker
2025-02-08 19:42:05,148 - QuantumMQTT - INFO - Connected to MQTT broker with result code: 0
2025-02-08 19:42:05,155 - QuantumMQTT - INFO - Connected to MQTT broker with result code: 0
2025-02-08 19:42:05,155 - QuantumMQTT - INFO - Successfully connected to MQTT broker
2025-02-08 19:42:05,160 - QuantumMQTT - INFO - Connected to MQTT broker with result code: 0
2025-02-08 19:42:05,161 - QuantumMQTT - INFO - Successfully connected to MQTT broker
2025-02-08 19:42:05,186 - QuantumMQTT - INFO - Successfully connected to MQTT broker
2025-02-08 19:42:05,627 - QuantumMQTT - INFO - Connected to MQTT broker with result code: 0
2025-02-08 19:42:05,627 - QuantumMQTT - INFO - Connected to MQTT broker with result code: 0
2025-02-08 19:42:05,627 - QuantumMQTT - INFO - Successfully connected to MQTT broker
2025-02-08 19:42:05,627 - QuantumMQTT - INFO - Successfully connected to MQTT broker
2025-02-08 19:42:05,640 - QuantumMQTT - INFO - Connected to MQTT broker with result code: 0
2025-02-08 19:42:05,640 - QuantumMQTT - INFO - Connected to MQTT broker with result code: 0
2025-02-08 19:42:05,641 - QuantumMQTT - INFO - Successfully connected to MQTT broker
2025-02-08 19:42:05,641 - QuantumMQTT - INFO - Successfully connected to MQTT broker
2025-02-08 19:42:05,706 - QuantumMQTT - INFO - Connected to MQTT broker with result code: 0
2025-02-08 19:42:05,706 - QuantumMQTT - INFO - Connected to MQTT broker with result code: 0
2025-02-08 19:42:05,707 - QuantumMQTT - INFO - Successfully connected to MQTT broker
2025-02-08 19:42:05,707 - QuantumMQTT - INFO - Successfully connected to MQTT broker
2025-02-08 23:11:55,803 - QuantumMQTT - INFO - Connected to MQTT broker with result code: 0
2025-02-08 23:11:55,803 - QuantumMQTT - INFO - Successfully connected to MQTT broker
2025-02-08 23:11:55,806 - QuantumMQTT - INFO - Connected to MQTT broker with result code: 0
2025-02-08 23:11:55,806 - QuantumMQTT - INFO - Successfully connected to MQTT broker
2025-02-08 23:11:55,810 - QuantumMQTT - INFO - Connected to MQTT broker with result code: 0
2025-02-08 23:11:55,811 - QuantumMQTT - INFO - Successfully connected to MQTT broker
2025-02-08 23:11:56,209 - QuantumMQTT - INFO - Connected to MQTT broker with result code: 0
2025-02-08 23:11:56,209 - QuantumMQTT - INFO - Connected to MQTT broker with result code: 0
2025-02-08 23:11:56,218 - QuantumMQTT - INFO - Connected to MQTT broker with result code: 0
2025-02-08 23:11:56,218 - QuantumMQTT - INFO - Connected to MQTT broker with result code: 0
2025-02-08 23:11:56,423 - QuantumMQTT - INFO - Connected to MQTT broker with result code: 0
2025-02-08 23:11:56,423 - QuantumMQTT - INFO - Connected to MQTT broker with result code: 0
2025-02-08 23:11:56,425 - QuantumMQTT - INFO - Successfully connected to MQTT broker
2025-02-08 23:11:56,425 - QuantumMQTT - INFO - Successfully connected to MQTT broker
2025-02-08 23:32:17,023 - QuantumMQTT - INFO - Connected to MQTT broker with result code: 0
2025-02-08 23:32:17,023 - QuantumMQTT - INFO - Connected to MQTT broker with result code: 0
2025-02-08 23:32:17,053 - QuantumMQTT - INFO - Successfully connected to MQTT broker
2025-02-08 23:32:17,055 - QuantumMQTT - INFO - Successfully connected to MQTT broker
2025-02-08 23:32:17,264 - QuantumMQTT - INFO - Connected to MQTT broker with result code: 0
2025-02-08 23:32:17,325 - QuantumMQTT - INFO - Successfully connected to MQTT broker
2025-02-08 23:32:17,490 - QuantumMQTT - INFO - Connected to MQTT broker with result code: 0
2025-02-08 23:32:17,490 - QuantumMQTT - INFO - Connected to MQTT broker with result code: 0
2025-02-08 23:32:17,514 - QuantumMQTT - INFO - Connected to MQTT broker with result code: 0
2025-02-08 23:32:17,783 - QuantumMQTT - INFO - Connected to MQTT broker with result code: 0
2025-02-08 23:32:17,783 - QuantumMQTT - INFO - Connected to MQTT broker with result code: 0
2025-02-08 23:32:17,783 - QuantumMQTT - INFO - Successfully connected to MQTT broker
2025-02-08 23:32:17,783 - QuantumMQTT - INFO - Successfully connected to MQTT broker
2025-02-08 23:40:42,636 - QuantumMQTT - INFO - Connected to MQTT broker with result code: 0
2025-02-08 23:40:42,636 - QuantumMQTT - INFO - Successfully connected to MQTT broker
2025-02-08 23:40:42,642 - QuantumMQTT - INFO - Connected to MQTT broker with result code: 0
2025-02-08 23:40:42,643 - QuantumMQTT - INFO - Successfully connected to MQTT broker
2025-02-08 23:40:42,651 - QuantumMQTT - INFO - Connected to MQTT broker with result code: 0
2025-02-08 23:40:42,659 - QuantumMQTT - INFO - Successfully connected to MQTT broker
2025-02-08 23:40:43,156 - QuantumMQTT - INFO - Connected to MQTT broker with result code: 0
2025-02-08 23:40:43,156 - QuantumMQTT - INFO - Connected to MQTT broker with result code: 0
2025-02-08 23:40:43,157 - QuantumMQTT - INFO - Successfully connected to MQTT broker
2025-02-08 23:40:43,157 - QuantumMQTT - INFO - Successfully connected to MQTT broker
2025-02-08 23:40:43,165 - QuantumMQTT - INFO - Connected to MQTT broker with result code: 0
2025-02-08 23:40:43,165 - QuantumMQTT - INFO - Connected to MQTT broker with result code: 0
2025-02-08 23:40:43,165 - QuantumMQTT - INFO - Connected to MQTT broker with result code: 0
2025-02-08 23:40:43,165 - QuantumMQTT - INFO - Connected to MQTT broker with result code: 0
2025-02-09 12:26:36,905 - QuantumMQTT - INFO - Connected to MQTT broker with result code: 0
2025-02-09 12:26:36,907 - QuantumMQTT - INFO - Connected to MQTT broker with result code: 0
2025-02-09 12:26:36,908 - QuantumMQTT - INFO - Successfully connected to MQTT broker
2025-02-09 12:26:36,928 - QuantumMQTT - INFO - Successfully connected to MQTT broker
2025-02-09 12:26:36,931 - QuantumMQTT - INFO - Connected to MQTT broker with result code: 0
2025-02-09 12:26:36,931 - QuantumMQTT - INFO - Successfully connected to MQTT broker
2025-02-09 12:26:37,493 - QuantumMQTT - INFO - Connected to MQTT broker with result code: 0
2025-02-09 12:26:37,493 - QuantumMQTT - INFO - Connected to MQTT broker with result code: 0
2025-02-09 12:26:37,494 - QuantumMQTT - INFO - Successfully connected to MQTT broker
2025-02-09 12:26:37,494 - QuantumMQTT - INFO - Successfully connected to MQTT broker
2025-02-09 12:26:37,553 - QuantumMQTT - INFO - Connected to MQTT broker with result code: 0
2025-02-09 12:26:37,553 - QuantumMQTT - INFO - Connected to MQTT broker with result code: 0
2025-02-09 12:26:37,556 - QuantumMQTT - INFO - Successfully connected to MQTT broker
2025-02-09 12:26:37,556 - QuantumMQTT - INFO - Connected to MQTT broker with result code: 0
2025-02-09 12:26:37,556 - QuantumMQTT - INFO - Connected to MQTT broker with result code: 0
2025-02-09 13:16:23,273 - QuantumMQTT - INFO - Connected to MQTT broker with result code: 0
2025-02-09 13:16:23,274 - QuantumMQTT - INFO - Successfully connected to MQTT broker
2025-02-09 13:16:23,313 - QuantumMQTT - INFO - Connected to MQTT broker with result code: 0
2025-02-09 13:16:23,314 - QuantumMQTT - INFO - Successfully connected to MQTT broker
2025-02-09 13:16:23,393 - QuantumMQTT - INFO - Connected to MQTT broker with result code: 0
2025-02-09 13:16:23,406 - QuantumMQTT - INFO - Successfully connected to MQTT broker
2025-02-09 13:16:23,935 - QuantumMQTT - INFO - Connected to MQTT broker with result code: 0
2025-02-09 13:16:23,935 - QuantumMQTT - INFO - Connected to MQTT broker with result code: 0
2025-02-09 13:16:23,937 - QuantumMQTT - INFO - Successfully connected to MQTT broker
2025-02-09 13:16:23,937 - QuantumMQTT - INFO - Successfully connected to MQTT broker
2025-02-09 13:16:24,008 - QuantumMQTT - INFO - Connected to MQTT broker with result code: 0
2025-02-09 13:16:24,008 - QuantumMQTT - INFO - Connected to MQTT broker with result code: 0
2025-02-09 13:16:24,009 - QuantumMQTT - INFO - Successfully connected to MQTT broker
2025-02-09 13:16:24,009 - QuantumMQTT - INFO - Successfully connected to MQTT broker
2025-02-09 13:16:24,067 - QuantumMQTT - INFO - Connected to MQTT broker with result code: 0
2025-02-09 13:16:24,067 - QuantumMQTT - INFO - Connected to MQTT broker with result code: 0
2025-02-09 13:16:24,069 - QuantumMQTT - INFO - Successfully connected to MQTT broker
2025-02-09 13:16:24,069 - QuantumMQTT - INFO - Successfully connected to MQTT broker
2025-02-09 14:01:39,874 - QuantumMQTT - INFO - Connected to MQTT broker with result code: 0
2025-02-09 14:01:39,882 - QuantumMQTT - INFO - Connected to MQTT broker with result code: 0
2025-02-09 14:01:39,882 - QuantumMQTT - INFO - Successfully connected to MQTT broker
2025-02-09 14:01:39,885 - QuantumMQTT - INFO - Connected to MQTT broker with result code: 0
2025-02-09 14:01:39,886 - QuantumMQTT - INFO - Successfully connected to MQTT broker
2025-02-09 14:01:39,892 - QuantumMQTT - INFO - Successfully connected to MQTT broker
2025-02-09 14:01:40,466 - QuantumMQTT - INFO - Connected to MQTT broker with result code: 0
2025-02-09 14:01:40,466 - QuantumMQTT - INFO - Connected to MQTT broker with result code: 0
2025-02-09 14:01:40,469 - QuantumMQTT - INFO - Connected to MQTT broker with result code: 0
2025-02-09 14:01:40,469 - QuantumMQTT - INFO - Connected to MQTT broker with result code: 0
2025-02-09 14:01:40,484 - QuantumMQTT - INFO - Connected to MQTT broker with result code: 0
2025-02-09 14:01:40,484 - QuantumMQTT - INFO - Connected to MQTT broker with result code: 0
2025-02-09 14:01:40,486 - QuantumMQTT - INFO - Successfully connected to MQTT broker
2025-02-23 04:27:05,494 - QuantumMQTT - ERROR - Key file not found: /app/quantum_services/organizations/Hospital_A.example.com/keys/Hospital_A_falcon_public.key
2025-02-23 04:27:05,495 - QuantumMQTT - ERROR - Key file not found: /app/quantum_services/organizations/Hospital_A.example.com/keys/Hospital_A_falcon_private.key
2025-02-23 04:27:05,496 - QuantumMQTT - ERROR - Key file not found: /app/quantum_services/organizations/Hospital_A.example.com/keys/Hospital_A_kyber_public.key
2025-02-23 04:27:05,497 - QuantumMQTT - ERROR - Key file not found: /app/quantum_services/organizations/Hospital_A.example.com/keys/Hospital_A_kyber_private.key
2025-02-23 04:27:05,498 - QuantumMQTT - ERROR - Failed to load keys: Invalid Falcon private key size: 0
2025-02-23 04:27:05,685 - QuantumMQTT - ERROR - Key file not found: /app/quantum_services/organizations/Hospital_A.example.com/keys/Hospital_A_falcon_public.key
2025-02-23 04:27:05,686 - QuantumMQTT - ERROR - Key file not found: /app/quantum_services/organizations/Hospital_A.example.com/keys/Hospital_A_falcon_private.key
2025-02-23 04:27:05,686 - QuantumMQTT - ERROR - Key file not found: /app/quantum_services/organizations/Hospital_A.example.com/keys/Hospital_A_kyber_public.key
2025-02-23 04:27:05,686 - QuantumMQTT - ERROR - Key file not found: /app/quantum_services/organizations/Hospital_A.example.com/keys/Hospital_A_kyber_private.key
2025-02-23 04:27:05,687 - QuantumMQTT - ERROR - Failed to load keys: Invalid Falcon private key size: 0
2025-02-23 04:27:05,859 - QuantumMQTT - ERROR - Key file not found: /app/quantum_services/organizations/Hospital_B.example.com/keys/Hospital_B_falcon_public.key
2025-02-23 04:27:05,859 - QuantumMQTT - ERROR - Key file not found: /app/quantum_services/organizations/Hospital_B.example.com/keys/Hospital_B_falcon_public.key
2025-02-23 04:27:05,860 - QuantumMQTT - ERROR - Key file not found: /app/quantum_services/organizations/Hospital_B.example.com/keys/Hospital_B_falcon_private.key
2025-02-23 04:27:05,860 - QuantumMQTT - ERROR - Key file not found: /app/quantum_services/organizations/Hospital_B.example.com/keys/Hospital_B_falcon_private.key
2025-02-23 04:27:05,861 - QuantumMQTT - ERROR - Key file not found: /app/quantum_services/organizations/Hospital_B.example.com/keys/Hospital_B_kyber_public.key
2025-02-23 04:27:05,861 - QuantumMQTT - ERROR - Key file not found: /app/quantum_services/organizations/Hospital_B.example.com/keys/Hospital_B_kyber_public.key
2025-02-23 04:27:05,862 - QuantumMQTT - ERROR - Key file not found: /app/quantum_services/organizations/Hospital_B.example.com/keys/Hospital_B_kyber_private.key
2025-02-23 04:27:05,862 - QuantumMQTT - ERROR - Key file not found: /app/quantum_services/organizations/Hospital_B.example.com/keys/Hospital_B_kyber_private.key
2025-02-23 04:27:05,864 - QuantumMQTT - ERROR - Failed to load keys: Invalid Falcon private key size: 0
2025-02-23 04:27:05,864 - QuantumMQTT - ERROR - Failed to load keys: Invalid Falcon private key size: 0
2025-02-23 04:27:06,062 - QuantumMQTT - ERROR - Key file not found: /app/quantum_services/organizations/Hospital_B.example.com/keys/Hospital_B_falcon_public.key
2025-02-23 04:27:06,062 - QuantumMQTT - ERROR - Key file not found: /app/quantum_services/organizations/Hospital_B.example.com/keys/Hospital_B_falcon_public.key
2025-02-23 04:27:06,062 - QuantumMQTT - ERROR - Key file not found: /app/quantum_services/organizations/Hospital_B.example.com/keys/Hospital_B_falcon_private.key
2025-02-23 04:27:06,062 - QuantumMQTT - ERROR - Key file not found: /app/quantum_services/organizations/Hospital_B.example.com/keys/Hospital_B_falcon_private.key
2025-02-23 04:27:06,063 - QuantumMQTT - ERROR - Key file not found: /app/quantum_services/organizations/Hospital_B.example.com/keys/Hospital_B_kyber_public.key
2025-02-23 04:27:06,063 - QuantumMQTT - ERROR - Key file not found: /app/quantum_services/organizations/Hospital_B.example.com/keys/Hospital_B_kyber_public.key
2025-02-23 04:27:06,063 - QuantumMQTT - ERROR - Key file not found: /app/quantum_services/organizations/Hospital_B.example.com/keys/Hospital_B_kyber_private.key
2025-02-23 04:27:06,063 - QuantumMQTT - ERROR - Key file not found: /app/quantum_services/organizations/Hospital_B.example.com/keys/Hospital_B_kyber_private.key
2025-02-23 04:27:06,064 - QuantumMQTT - ERROR - Failed to load keys: Invalid Falcon private key size: 0
2025-02-23 04:27:06,064 - QuantumMQTT - ERROR - Failed to load keys: Invalid Falcon private key size: 0
2025-02-23 23:29:01,542 - QuantumMQTT - INFO - Successfully initialized quantum security
2025-02-23 23:29:01,634 - QuantumMQTT - INFO - Successfully initialized quantum security
2025-02-23 23:29:01,687 - QuantumMQTT - INFO - Successfully initialized quantum security
2025-02-23 23:29:01,834 - QuantumMQTT - INFO - Connected to MQTT broker with result code: 0
2025-02-23 23:29:01,835 - QuantumMQTT - INFO - Successfully connected to MQTT broker
2025-02-23 23:29:01,917 - QuantumMQTT - INFO - Connected to MQTT broker with result code: 0
2025-02-23 23:29:01,917 - QuantumMQTT - INFO - Successfully connected to MQTT broker
2025-02-23 23:29:01,983 - QuantumMQTT - INFO - Connected to MQTT broker with result code: 0
2025-02-23 23:29:01,984 - QuantumMQTT - INFO - Successfully connected to MQTT broker
2025-02-23 23:29:02,180 - QuantumMQTT - INFO - Successfully initialized quantum security
2025-02-23 23:29:02,201 - QuantumMQTT - INFO - Successfully initialized quantum security
2025-02-23 23:29:02,246 - QuantumMQTT - INFO - Successfully initialized quantum security
2025-02-23 23:29:02,470 - QuantumMQTT - INFO - Connected to MQTT broker with result code: 0
2025-02-23 23:29:02,470 - QuantumMQTT - INFO - Successfully connected to MQTT broker
2025-02-23 23:29:02,479 - QuantumMQTT - INFO - Connected to MQTT broker with result code: 0
2025-02-23 23:29:02,480 - QuantumMQTT - INFO - Successfully connected to MQTT broker
2025-02-23 23:29:02,531 - QuantumMQTT - INFO - Connected to MQTT broker with result code: 0
2025-02-23 23:29:02,531 - QuantumMQTT - INFO - Successfully connected to MQTT broker
2025-02-24 00:16:20,629 - QuantumMQTT - INFO - Successfully initialized quantum security
2025-02-24 00:16:20,631 - QuantumMQTT - INFO - Successfully initialized quantum security
2025-02-24 00:16:20,662 - QuantumMQTT - INFO - Successfully initialized quantum security
2025-02-24 00:16:20,933 - QuantumMQTT - INFO - Connected to MQTT broker with result code: 0
2025-02-24 00:16:20,933 - QuantumMQTT - INFO - Connected to MQTT broker with result code: 0
2025-02-24 00:16:20,933 - QuantumMQTT - INFO - Successfully connected to MQTT broker
2025-02-24 00:16:20,933 - QuantumMQTT - INFO - Successfully connected to MQTT broker
2025-02-24 00:16:20,961 - QuantumMQTT - INFO - Connected to MQTT broker with result code: 0
2025-02-24 00:16:20,962 - QuantumMQTT - INFO - Successfully connected to MQTT broker
2025-02-24 00:16:21,151 - QuantumMQTT - INFO - Successfully initialized quantum security
2025-02-24 00:16:21,175 - QuantumMQTT - INFO - Successfully initialized quantum security
2025-02-24 00:16:21,267 - QuantumMQTT - INFO - Successfully initialized quantum security
2025-02-24 00:16:21,400 - QuantumMQTT - INFO - Connected to MQTT broker with result code: 0
2025-02-24 00:16:21,400 - QuantumMQTT - INFO - Successfully connected to MQTT broker
2025-02-24 00:16:21,410 - QuantumMQTT - INFO - Connected to MQTT broker with result code: 0
2025-02-24 00:16:21,410 - QuantumMQTT - INFO - Successfully connected to MQTT broker
2025-02-24 00:16:21,512 - QuantumMQTT - INFO - Connected to MQTT broker with result code: 0
2025-02-24 00:16:21,512 - QuantumMQTT - INFO - Successfully connected to MQTT broker
2025-02-24 16:12:03,250 - QuantumMQTT - INFO - Successfully initialized quantum security
2025-02-24 16:12:03,280 - QuantumMQTT - INFO - Successfully initialized quantum security
2025-02-24 16:12:03,469 - QuantumMQTT - INFO - Successfully initialized quantum security
2025-02-24 16:12:03,639 - QuantumMQTT - INFO - Connected to MQTT broker with result code: 0
2025-02-24 16:12:03,640 - QuantumMQTT - INFO - Successfully connected to MQTT broker
2025-02-24 16:12:03,646 - QuantumMQTT - INFO - Connected to MQTT broker with result code: 0
2025-02-24 16:12:03,646 - QuantumMQTT - INFO - Successfully connected to MQTT broker
2025-02-24 16:12:03,866 - QuantumMQTT - INFO - Connected to MQTT broker with result code: 0
2025-02-24 16:12:03,866 - QuantumMQTT - INFO - Successfully connected to MQTT broker
2025-02-24 16:12:03,941 - QuantumMQTT - INFO - Successfully initialized quantum security
2025-02-24 16:12:03,998 - QuantumMQTT - INFO - Successfully initialized quantum security
2025-02-24 16:12:04,104 - QuantumMQTT - INFO - Successfully initialized quantum security
2025-02-24 16:12:04,229 - QuantumMQTT - INFO - Connected to MQTT broker with result code: 0
2025-02-24 16:12:04,229 - QuantumMQTT - INFO - Successfully connected to MQTT broker
2025-02-24 16:12:04,306 - QuantumMQTT - INFO - Connected to MQTT broker with result code: 0
2025-02-24 16:12:04,306 - QuantumMQTT - INFO - Successfully connected to MQTT broker
2025-02-24 16:12:04,388 - QuantumMQTT - INFO - Connected to MQTT broker with result code: 0
2025-02-24 16:12:04,388 - QuantumMQTT - INFO - Successfully connected to MQTT broker
2025-02-24 17:52:50,440 - QuantumMQTT - INFO - Successfully initialized quantum security
2025-02-24 17:52:50,502 - QuantumMQTT - INFO - Successfully initialized quantum security
2025-02-24 17:52:50,633 - QuantumMQTT - INFO - Successfully initialized quantum security
2025-02-24 17:52:50,725 - QuantumMQTT - INFO - Connected to MQTT broker with result code: 0
2025-02-24 17:52:50,725 - QuantumMQTT - INFO - Successfully connected to MQTT broker
2025-02-24 17:52:50,776 - QuantumMQTT - INFO - Connected to MQTT broker with result code: 0
2025-02-24 17:52:50,776 - QuantumMQTT - INFO - Successfully connected to MQTT broker
2025-02-24 17:52:50,912 - QuantumMQTT - INFO - Connected to MQTT broker with result code: 0
2025-02-24 17:52:50,912 - QuantumMQTT - INFO - Successfully connected to MQTT broker
2025-02-24 17:52:50,920 - QuantumMQTT - INFO - Successfully initialized quantum security
2025-02-24 17:52:51,021 - QuantumMQTT - INFO - Successfully initialized quantum security
2025-02-24 17:52:51,154 - QuantumMQTT - INFO - Successfully initialized quantum security
2025-02-24 17:52:51,165 - QuantumMQTT - INFO - Connected to MQTT broker with result code: 0
2025-02-24 17:52:51,165 - QuantumMQTT - INFO - Successfully connected to MQTT broker
2025-02-24 17:52:51,272 - QuantumMQTT - INFO - Connected to MQTT broker with result code: 0
2025-02-24 17:52:51,273 - QuantumMQTT - INFO - Successfully connected to MQTT broker
2025-02-24 17:52:51,412 - QuantumMQTT - INFO - Connected to MQTT broker with result code: 0
2025-02-24 17:52:51,412 - QuantumMQTT - INFO - Successfully connected to MQTT broker
2025-02-25 00:41:47,717 - QuantumMQTT - INFO - Successfully initialized quantum security
2025-02-25 00:41:47,815 - QuantumMQTT - INFO - Successfully initialized quantum security
2025-02-25 00:41:48,051 - QuantumMQTT - INFO - Connected to MQTT broker with result code: 0
2025-02-25 00:41:48,051 - QuantumMQTT - INFO - Successfully connected to MQTT broker
2025-02-25 00:41:48,132 - QuantumMQTT - INFO - Successfully initialized quantum security
2025-02-25 00:41:48,172 - QuantumMQTT - INFO - Connected to MQTT broker with result code: 0
2025-02-25 00:41:48,172 - QuantumMQTT - INFO - Successfully connected to MQTT broker
2025-02-25 00:41:48,330 - QuantumMQTT - INFO - Successfully initialized quantum security
2025-02-25 00:41:48,399 - QuantumMQTT - INFO - Connected to MQTT broker with result code: 0
2025-02-25 00:41:48,400 - QuantumMQTT - INFO - Successfully connected to MQTT broker
2025-02-25 00:41:48,439 - QuantumMQTT - INFO - Successfully initialized quantum security
2025-02-25 00:41:48,595 - QuantumMQTT - INFO - Connected to MQTT broker with result code: 0
2025-02-25 00:41:48,596 - QuantumMQTT - INFO - Successfully connected to MQTT broker
2025-02-25 00:41:48,616 - QuantumMQTT - INFO - Successfully initialized quantum security
2025-02-25 00:41:48,721 - QuantumMQTT - INFO - Connected to MQTT broker with result code: 0
2025-02-25 00:41:48,721 - QuantumMQTT - INFO - Successfully connected to MQTT broker
2025-02-25 00:41:48,873 - QuantumMQTT - INFO - Connected to MQTT broker with result code: 0
2025-02-25 00:41:48,873 - QuantumMQTT - INFO - Successfully connected to MQTT broker
2025-02-25 01:54:26,041 - QuantumMQTT - INFO - Successfully initialized quantum security
2025-02-25 01:54:26,123 - QuantumMQTT - INFO - Successfully initialized quantum security
2025-02-25 01:54:26,322 - QuantumMQTT - INFO - Successfully initialized quantum security
2025-02-25 01:54:26,327 - QuantumMQTT - INFO - Connected to MQTT broker with result code: 0
2025-02-25 01:54:26,327 - QuantumMQTT - INFO - Successfully connected to MQTT broker
2025-02-25 01:54:26,409 - QuantumMQTT - INFO - Connected to MQTT broker with result code: 0
2025-02-25 01:54:26,409 - QuantumMQTT - INFO - Successfully connected to MQTT broker
2025-02-25 01:54:26,612 - QuantumMQTT - INFO - Connected to MQTT broker with result code: 0
2025-02-25 01:54:26,612 - QuantumMQTT - INFO - Successfully connected to MQTT broker
2025-02-25 01:54:26,623 - QuantumMQTT - INFO - Successfully initialized quantum security
2025-02-25 01:54:26,681 - QuantumMQTT - INFO - Successfully initialized quantum security
2025-02-25 01:54:26,855 - QuantumMQTT - INFO - Successfully initialized quantum security
2025-02-25 01:54:26,881 - QuantumMQTT - INFO - Connected to MQTT broker with result code: 0
2025-02-25 01:54:26,882 - QuantumMQTT - INFO - Successfully connected to MQTT broker
2025-02-25 01:54:26,930 - QuantumMQTT - INFO - Connected to MQTT broker with result code: 0
2025-02-25 01:54:26,931 - QuantumMQTT - INFO - Successfully connected to MQTT broker
2025-02-25 01:54:27,091 - QuantumMQTT - INFO - Connected to MQTT broker with result code: 0
2025-02-25 01:54:27,091 - QuantumMQTT - INFO - Successfully connected to MQTT broker
2025-02-25 02:36:27,200 - QuantumMQTT - INFO - Successfully initialized quantum security
2025-02-25 02:36:27,231 - QuantumMQTT - INFO - Successfully initialized quantum security
2025-02-25 02:36:27,237 - QuantumMQTT - INFO - Successfully initialized quantum security
2025-02-25 02:36:27,517 - QuantumMQTT - INFO - Connected to MQTT broker with result code: 0
2025-02-25 02:36:27,517 - QuantumMQTT - INFO - Successfully connected to MQTT broker
2025-02-25 02:36:27,520 - QuantumMQTT - INFO - Connected to MQTT broker with result code: 0
2025-02-25 02:36:27,520 - QuantumMQTT - INFO - Successfully connected to MQTT broker
2025-02-25 02:36:27,525 - QuantumMQTT - INFO - Connected to MQTT broker with result code: 0
2025-02-25 02:36:27,525 - QuantumMQTT - INFO - Successfully connected to MQTT broker
2025-02-25 02:36:27,738 - QuantumMQTT - INFO - Successfully initialized quantum security
2025-02-25 02:36:27,754 - QuantumMQTT - INFO - Successfully initialized quantum security
2025-02-25 02:36:27,846 - QuantumMQTT - INFO - Successfully initialized quantum security
2025-02-25 02:36:27,995 - QuantumMQTT - INFO - Connected to MQTT broker with result code: 0
2025-02-25 02:36:27,995 - QuantumMQTT - INFO - Successfully connected to MQTT broker
2025-02-25 02:36:28,015 - QuantumMQTT - INFO - Connected to MQTT broker with result code: 0
2025-02-25 02:36:28,015 - QuantumMQTT - INFO - Successfully connected to MQTT broker
2025-02-25 02:36:28,087 - QuantumMQTT - INFO - Connected to MQTT broker with result code: 0
2025-02-25 02:36:28,087 - QuantumMQTT - INFO - Successfully connected to MQTT broker
2025-02-25 06:34:22,723 - QuantumMQTT - INFO - Successfully initialized quantum security
2025-02-25 06:34:22,739 - QuantumMQTT - INFO - Successfully initialized quantum security
2025-02-25 06:34:22,831 - QuantumMQTT - INFO - Successfully initialized quantum security
2025-02-25 06:34:23,031 - QuantumMQTT - INFO - Connected to MQTT broker with result code: 0
2025-02-25 06:34:23,031 - QuantumMQTT - INFO - Connected to MQTT broker with result code: 0
2025-02-25 06:34:23,031 - QuantumMQTT - INFO - Successfully connected to MQTT broker
2025-02-25 06:34:23,031 - QuantumMQTT - INFO - Successfully connected to MQTT broker
2025-02-25 06:34:23,127 - QuantumMQTT - INFO - Connected to MQTT broker with result code: 0
2025-02-25 06:34:23,127 - QuantumMQTT - INFO - Successfully connected to MQTT broker
2025-02-25 06:34:23,266 - QuantumMQTT - INFO - Successfully initialized quantum security
2025-02-25 06:34:23,284 - QuantumMQTT - INFO - Successfully initialized quantum security
2025-02-25 06:34:23,366 - QuantumMQTT - INFO - Successfully initialized quantum security
2025-02-25 06:34:23,541 - QuantumMQTT - INFO - Connected to MQTT broker with result code: 0
2025-02-25 06:34:23,541 - QuantumMQTT - INFO - Successfully connected to MQTT broker
2025-02-25 06:34:23,555 - QuantumMQTT - INFO - Connected to MQTT broker with result code: 0
2025-02-25 06:34:23,555 - QuantumMQTT - INFO - Successfully connected to MQTT broker
2025-02-25 06:34:23,624 - QuantumMQTT - INFO - Connected to MQTT broker with result code: 0
2025-02-25 06:34:23,624 - QuantumMQTT - INFO - Successfully connected to MQTT broker
2025-02-25 07:20:00,131 - QuantumMQTT - INFO - Successfully initialized quantum security
2025-02-25 07:20:00,188 - QuantumMQTT - INFO - Successfully initialized quantum security
2025-02-25 07:20:00,223 - QuantumMQTT - INFO - Successfully initialized quantum security
2025-02-25 07:20:00,427 - QuantumMQTT - INFO - Connected to MQTT broker with result code: 0
2025-02-25 07:20:00,427 - QuantumMQTT - INFO - Successfully connected to MQTT broker
2025-02-25 07:20:00,476 - QuantumMQTT - INFO - Connected to MQTT broker with result code: 0
2025-02-25 07:20:00,476 - QuantumMQTT - INFO - Successfully connected to MQTT broker
2025-02-25 07:20:00,506 - QuantumMQTT - INFO - Connected to MQTT broker with result code: 0
2025-02-25 07:20:00,507 - QuantumMQTT - INFO - Successfully connected to MQTT broker
2025-02-25 07:20:00,667 - QuantumMQTT - INFO - Successfully initialized quantum security
2025-02-25 07:20:00,680 - QuantumMQTT - INFO - Successfully initialized quantum security
2025-02-25 07:20:00,688 - QuantumMQTT - INFO - Successfully initialized quantum security
2025-02-25 07:20:00,929 - QuantumMQTT - INFO - Connected to MQTT broker with result code: 0
2025-02-25 07:20:00,929 - QuantumMQTT - INFO - Successfully connected to MQTT broker
2025-02-25 07:20:00,940 - QuantumMQTT - INFO - Connected to MQTT broker with result code: 0
2025-02-25 07:20:00,940 - QuantumMQTT - INFO - Successfully connected to MQTT broker
2025-02-25 07:20:00,954 - QuantumMQTT - INFO - Connected to MQTT broker with result code: 0
2025-02-25 07:20:00,954 - QuantumMQTT - INFO - Successfully connected to MQTT broker
2025-02-25 12:42:28,189 - QuantumMQTT - INFO - Successfully initialized quantum security
2025-02-25 12:42:28,190 - QuantumMQTT - INFO - Successfully initialized quantum security
2025-02-25 12:42:28,195 - QuantumMQTT - INFO - Successfully initialized quantum security
2025-02-25 12:42:28,465 - QuantumMQTT - INFO - Connected to MQTT broker with result code: 0
2025-02-25 12:42:28,466 - QuantumMQTT - INFO - Successfully connected to MQTT broker
2025-02-25 12:42:28,468 - QuantumMQTT - INFO - Connected to MQTT broker with result code: 0
2025-02-25 12:42:28,469 - QuantumMQTT - INFO - Successfully connected to MQTT broker
2025-02-25 12:42:28,474 - QuantumMQTT - INFO - Connected to MQTT broker with result code: 0
2025-02-25 12:42:28,474 - QuantumMQTT - INFO - Successfully connected to MQTT broker
2025-02-25 12:42:28,722 - QuantumMQTT - INFO - Successfully initialized quantum security
2025-02-25 12:42:28,724 - QuantumMQTT - INFO - Successfully initialized quantum security
2025-02-25 12:42:28,764 - QuantumMQTT - INFO - Successfully initialized quantum security
2025-02-25 12:42:28,969 - QuantumMQTT - INFO - Connected to MQTT broker with result code: 0
2025-02-25 12:42:28,970 - QuantumMQTT - INFO - Successfully connected to MQTT broker
2025-02-25 12:42:28,972 - QuantumMQTT - INFO - Connected to MQTT broker with result code: 0
2025-02-25 12:42:28,973 - QuantumMQTT - INFO - Successfully connected to MQTT broker
2025-02-25 12:42:29,019 - QuantumMQTT - INFO - Connected to MQTT broker with result code: 0
2025-02-25 12:42:29,019 - QuantumMQTT - INFO - Successfully connected to MQTT broker
2025-02-25 13:25:07,741 - QuantumMQTT - INFO - Connected to MQTT broker with result code: 0
2025-02-25 13:25:07,741 - QuantumMQTT - INFO - Connected to MQTT broker with result code: 0
2025-02-25 13:25:07,741 - QuantumMQTT - INFO - Connected to MQTT broker with result code: 0
2025-02-25 13:25:07,741 - QuantumMQTT - INFO - Connected to MQTT broker with result code: 0
2025-02-25 13:25:07,741 - QuantumMQTT - INFO - Connected to MQTT broker with result code: 0
2025-02-25 13:25:07,741 - QuantumMQTT - INFO - Successfully connected to MQTT broker
2025-02-25 13:25:07,741 - QuantumMQTT - INFO - Successfully connected to MQTT broker
2025-02-25 13:25:07,741 - QuantumMQTT - INFO - Connected to MQTT broker with result code: 0
2025-02-25 13:25:07,741 - QuantumMQTT - INFO - Successfully connected to MQTT broker
2025-02-25 13:25:07,741 - QuantumMQTT - INFO - Successfully connected to MQTT broker
2025-02-25 13:25:07,742 - QuantumMQTT - INFO - Successfully connected to MQTT broker
2025-02-25 13:25:07,742 - QuantumMQTT - INFO - Successfully connected to MQTT broker
2025-02-25 14:55:42,305 - QuantumMQTT - INFO - Successfully initialized quantum security
2025-02-25 14:55:42,383 - QuantumMQTT - INFO - Successfully initialized quantum security
2025-02-25 14:55:42,383 - QuantumMQTT - INFO - Successfully initialized quantum security
2025-02-25 14:55:42,593 - QuantumMQTT - INFO - Connected to MQTT broker with result code: 0
2025-02-25 14:55:42,593 - QuantumMQTT - INFO - Successfully connected to MQTT broker
2025-02-25 14:55:42,680 - QuantumMQTT - INFO - Connected to MQTT broker with result code: 0
2025-02-25 14:55:42,681 - QuantumMQTT - INFO - Successfully connected to MQTT broker
2025-02-25 14:55:42,689 - QuantumMQTT - INFO - Connected to MQTT broker with result code: 0
2025-02-25 14:55:42,689 - QuantumMQTT - INFO - Successfully connected to MQTT broker
2025-02-25 14:55:42,821 - QuantumMQTT - INFO - Successfully initialized quantum security
2025-02-25 14:55:42,892 - QuantumMQTT - INFO - Successfully initialized quantum security
2025-02-25 14:55:42,916 - QuantumMQTT - INFO - Successfully initialized quantum security
2025-02-25 14:55:43,082 - QuantumMQTT - INFO - Connected to MQTT broker with result code: 0
2025-02-25 14:55:43,083 - QuantumMQTT - INFO - Successfully connected to MQTT broker
2025-02-25 14:55:43,181 - QuantumMQTT - INFO - Connected to MQTT broker with result code: 0
2025-02-25 14:55:43,182 - QuantumMQTT - INFO - Successfully connected to MQTT broker
2025-02-25 14:55:43,187 - QuantumMQTT - INFO - Connected to MQTT broker with result code: 0
2025-02-25 14:55:43,187 - QuantumMQTT - INFO - Successfully connected to MQTT broker
2025-02-25 18:50:34,243 - QuantumMQTT - INFO - Successfully initialized quantum security
2025-02-25 18:50:34,255 - QuantumMQTT - INFO - Successfully initialized quantum security
2025-02-25 18:50:34,302 - QuantumMQTT - INFO - Successfully initialized quantum security
2025-02-25 18:50:34,522 - QuantumMQTT - INFO - Connected to MQTT broker with result code: 0
2025-02-25 18:50:34,522 - QuantumMQTT - INFO - Successfully connected to MQTT broker
2025-02-25 18:50:34,533 - QuantumMQTT - INFO - Connected to MQTT broker with result code: 0
2025-02-25 18:50:34,533 - QuantumMQTT - INFO - Successfully connected to MQTT broker
2025-02-25 18:50:34,615 - QuantumMQTT - INFO - Connected to MQTT broker with result code: 0
2025-02-25 18:50:34,616 - QuantumMQTT - INFO - Successfully connected to MQTT broker
2025-02-25 18:50:34,711 - QuantumMQTT - INFO - Successfully initialized quantum security
2025-02-25 18:50:34,726 - QuantumMQTT - INFO - Successfully initialized quantum security
2025-02-25 18:50:34,794 - QuantumMQTT - INFO - Successfully initialized quantum security
2025-02-25 18:50:34,966 - QuantumMQTT - INFO - Connected to MQTT broker with result code: 0
2025-02-25 18:50:34,966 - QuantumMQTT - INFO - Successfully connected to MQTT broker
2025-02-25 18:50:34,978 - QuantumMQTT - INFO - Connected to MQTT broker with result code: 0
2025-02-25 18:50:34,978 - QuantumMQTT - INFO - Successfully connected to MQTT broker
2025-02-25 18:50:35,032 - QuantumMQTT - INFO - Connected to MQTT broker with result code: 0
2025-02-25 18:50:35,032 - QuantumMQTT - INFO - Successfully connected to MQTT broker
2025-02-25 22:24:47,363 - QuantumMQTT - INFO - Successfully initialized quantum security
2025-02-25 22:24:47,371 - QuantumMQTT - INFO - Successfully initialized quantum security
2025-02-25 22:24:47,418 - QuantumMQTT - INFO - Successfully initialized quantum security
2025-02-25 22:24:47,649 - QuantumMQTT - INFO - Connected to MQTT broker with result code: 0
2025-02-25 22:24:47,649 - QuantumMQTT - INFO - Successfully connected to MQTT broker
2025-02-25 22:24:47,654 - QuantumMQTT - INFO - Connected to MQTT broker with result code: 0
2025-02-25 22:24:47,654 - QuantumMQTT - INFO - Successfully connected to MQTT broker
2025-02-25 22:24:47,706 - QuantumMQTT - INFO - Connected to MQTT broker with result code: 0
2025-02-25 22:24:47,706 - QuantumMQTT - INFO - Successfully connected to MQTT broker
2025-02-25 22:24:47,854 - QuantumMQTT - INFO - Successfully initialized quantum security
2025-02-25 22:24:47,937 - QuantumMQTT - INFO - Successfully initialized quantum security
2025-02-25 22:24:47,981 - QuantumMQTT - INFO - Successfully initialized quantum security
2025-02-25 22:24:48,122 - QuantumMQTT - INFO - Connected to MQTT broker with result code: 0
2025-02-25 22:24:48,122 - QuantumMQTT - INFO - Successfully connected to MQTT broker
2025-02-25 22:24:48,176 - QuantumMQTT - INFO - Connected to MQTT broker with result code: 0
2025-02-25 22:24:48,176 - QuantumMQTT - INFO - Successfully connected to MQTT broker
2025-02-25 22:24:48,230 - QuantumMQTT - INFO - Connected to MQTT broker with result code: 0
2025-02-25 22:24:48,230 - QuantumMQTT - INFO - Successfully connected to MQTT broker
2025-02-25 23:14:27,211 - QuantumMQTT - INFO - Successfully initialized quantum security
2025-02-25 23:14:27,232 - QuantumMQTT - INFO - Successfully initialized quantum security
2025-02-25 23:14:27,269 - QuantumMQTT - INFO - Successfully initialized quantum security
2025-02-25 23:14:27,491 - QuantumMQTT - INFO - Connected to MQTT broker with result code: 0
2025-02-25 23:14:27,491 - QuantumMQTT - INFO - Successfully connected to MQTT broker
2025-02-25 23:14:27,504 - QuantumMQTT - INFO - Connected to MQTT broker with result code: 0
2025-02-25 23:14:27,504 - QuantumMQTT - INFO - Successfully connected to MQTT broker
2025-02-25 23:14:27,552 - QuantumMQTT - INFO - Connected to MQTT broker with result code: 0
2025-02-25 23:14:27,552 - QuantumMQTT - INFO - Successfully connected to MQTT broker
2025-02-25 23:14:27,721 - QuantumMQTT - INFO - Successfully initialized quantum security
2025-02-25 23:14:27,733 - QuantumMQTT - INFO - Successfully initialized quantum security
2025-02-25 23:14:27,824 - QuantumMQTT - INFO - Successfully initialized quantum security
2025-02-25 23:14:27,980 - QuantumMQTT - INFO - Connected to MQTT broker with result code: 0
2025-02-25 23:14:27,981 - QuantumMQTT - INFO - Successfully connected to MQTT broker
2025-02-25 23:14:27,984 - QuantumMQTT - INFO - Connected to MQTT broker with result code: 0
2025-02-25 23:14:27,985 - QuantumMQTT - INFO - Successfully connected to MQTT broker
2025-02-25 23:14:28,090 - QuantumMQTT - INFO - Connected to MQTT broker with result code: 0
2025-02-25 23:14:28,090 - QuantumMQTT - INFO - Successfully connected to MQTT broker
2025-02-25 23:43:48,447 - QuantumMQTT - INFO - Connected to MQTT broker with result code: 0
2025-02-25 23:43:48,447 - QuantumMQTT - INFO - Successfully connected to MQTT broker
2025-02-25 23:43:48,448 - QuantumMQTT - INFO - Connected to MQTT broker with result code: 0
2025-02-25 23:43:48,448 - QuantumMQTT - INFO - Connected to MQTT broker with result code: 0
2025-02-25 23:43:48,448 - QuantumMQTT - INFO - Successfully connected to MQTT broker
2025-02-25 23:43:48,448 - QuantumMQTT - INFO - Connected to MQTT broker with result code: 0
2025-02-25 23:43:48,448 - QuantumMQTT - INFO - Connected to MQTT broker with result code: 0
2025-02-25 23:43:48,448 - QuantumMQTT - INFO - Successfully connected to MQTT broker
2025-02-25 23:43:48,448 - QuantumMQTT - INFO - Successfully connected to MQTT broker
2025-02-25 23:43:48,448 - QuantumMQTT - INFO - Connected to MQTT broker with result code: 0
2025-02-25 23:43:48,448 - QuantumMQTT - INFO - Successfully connected to MQTT broker
2025-02-25 23:43:48,449 - QuantumMQTT - INFO - Successfully connected to MQTT broker
2025-02-25 23:50:57,620 - QuantumMQTT - INFO - Connected to MQTT broker with result code: 0
2025-02-25 23:50:57,621 - QuantumMQTT - INFO - Successfully connected to MQTT broker
2025-02-25 23:50:57,621 - QuantumMQTT - INFO - Connected to MQTT broker with result code: 0
2025-02-25 23:50:57,621 - QuantumMQTT - INFO - Successfully connected to MQTT broker
2025-02-25 23:50:57,621 - QuantumMQTT - INFO - Connected to MQTT broker with result code: 0
2025-02-25 23:50:57,622 - QuantumMQTT - INFO - Successfully connected to MQTT broker
2025-02-25 23:50:57,622 - QuantumMQTT - INFO - Connected to MQTT broker with result code: 0
2025-02-25 23:50:57,622 - QuantumMQTT - INFO - Connected to MQTT broker with result code: 0
2025-02-25 23:50:57,622 - QuantumMQTT - INFO - Connected to MQTT broker with result code: 0
2025-02-25 23:50:57,622 - QuantumMQTT - INFO - Successfully connected to MQTT broker
2025-02-25 23:50:57,622 - QuantumMQTT - INFO - Successfully connected to MQTT broker
2025-02-25 23:50:57,622 - QuantumMQTT - INFO - Successfully connected to MQTT broker
2025-02-25 23:53:12,359 - QuantumMQTT - INFO - Connected to MQTT broker with result code: 0
2025-02-25 23:53:12,360 - QuantumMQTT - INFO - Successfully connected to MQTT broker
2025-02-25 23:53:12,361 - QuantumMQTT - INFO - Connected to MQTT broker with result code: 0
2025-02-25 23:53:12,361 - QuantumMQTT - INFO - Successfully connected to MQTT broker
2025-02-25 23:53:12,361 - QuantumMQTT - INFO - Connected to MQTT broker with result code: 0
2025-02-25 23:53:12,361 - QuantumMQTT - INFO - Connected to MQTT broker with result code: 0
2025-02-25 23:53:12,361 - QuantumMQTT - INFO - Successfully connected to MQTT broker
2025-02-25 23:53:12,361 - QuantumMQTT - INFO - Successfully connected to MQTT broker
2025-02-25 23:53:12,361 - QuantumMQTT - INFO - Connected to MQTT broker with result code: 0
2025-02-25 23:53:12,361 - QuantumMQTT - INFO - Connected to MQTT broker with result code: 0
2025-02-25 23:53:12,361 - QuantumMQTT - INFO - Successfully connected to MQTT broker
2025-02-25 23:53:12,362 - QuantumMQTT - INFO - Successfully connected to MQTT broker
2025-02-26 00:02:26,703 - QuantumMQTT - INFO - Connected to MQTT broker with result code: 0
2025-02-26 00:02:26,703 - QuantumMQTT - INFO - Successfully connected to MQTT broker
2025-02-26 00:02:26,703 - QuantumMQTT - INFO - Connected to MQTT broker with result code: 0
2025-02-26 00:02:26,704 - QuantumMQTT - INFO - Connected to MQTT broker with result code: 0
2025-02-26 00:02:26,704 - QuantumMQTT - INFO - Successfully connected to MQTT broker
2025-02-26 00:02:26,704 - QuantumMQTT - INFO - Successfully connected to MQTT broker
2025-02-26 00:02:26,704 - QuantumMQTT - INFO - Connected to MQTT broker with result code: 0
2025-02-26 00:02:26,704 - QuantumMQTT - INFO - Successfully connected to MQTT broker
2025-02-26 00:02:26,704 - QuantumMQTT - INFO - Connected to MQTT broker with result code: 0
2025-02-26 00:02:26,704 - QuantumMQTT - INFO - Successfully connected to MQTT broker
2025-02-26 00:02:26,704 - QuantumMQTT - INFO - Connected to MQTT broker with result code: 0
2025-02-26 00:02:26,704 - QuantumMQTT - INFO - Successfully connected to MQTT broker
2025-02-26 00:10:54,304 - QuantumMQTT - INFO - Connected to MQTT broker with result code: 0
2025-02-26 00:10:54,304 - QuantumMQTT - INFO - Successfully connected to MQTT broker
2025-02-26 00:10:54,306 - QuantumMQTT - INFO - Connected to MQTT broker with result code: 0
2025-02-26 00:10:54,306 - QuantumMQTT - INFO - Successfully connected to MQTT broker
2025-02-26 00:10:54,306 - QuantumMQTT - INFO - Connected to MQTT broker with result code: 0
2025-02-26 00:10:54,306 - QuantumMQTT - INFO - Connected to MQTT broker with result code: 0
2025-02-26 00:10:54,306 - QuantumMQTT - INFO - Successfully connected to MQTT broker
2025-02-26 00:10:54,306 - QuantumMQTT - INFO - Connected to MQTT broker with result code: 0
2025-02-26 00:10:54,306 - QuantumMQTT - INFO - Successfully connected to MQTT broker
2025-02-26 00:10:54,306 - QuantumMQTT - INFO - Connected to MQTT broker with result code: 0
2025-02-26 00:10:54,307 - QuantumMQTT - INFO - Successfully connected to MQTT broker
2025-02-26 00:10:54,307 - QuantumMQTT - INFO - Successfully connected to MQTT broker
2025-02-26 12:48:58,034 - QuantumMQTT - INFO - Successfully initialized quantum security
2025-02-26 12:48:58,073 - QuantumMQTT - INFO - Successfully initialized quantum security
2025-02-26 12:48:58,077 - QuantumMQTT - INFO - Successfully initialized quantum security
2025-02-26 12:48:58,405 - QuantumMQTT - INFO - Connected to MQTT broker with result code: 0
2025-02-26 12:48:58,406 - QuantumMQTT - INFO - Connected to MQTT broker with result code: 0
2025-02-26 12:48:58,406 - QuantumMQTT - INFO - Successfully connected to MQTT broker
2025-02-26 12:48:58,406 - QuantumMQTT - INFO - Connected to MQTT broker with result code: 0
2025-02-26 12:48:58,406 - QuantumMQTT - INFO - Successfully connected to MQTT broker
2025-02-26 12:48:58,406 - QuantumMQTT - INFO - Successfully connected to MQTT broker
2025-02-26 12:48:58,658 - QuantumMQTT - INFO - Successfully initialized quantum security
2025-02-26 12:48:58,683 - QuantumMQTT - INFO - Successfully initialized quantum security
2025-02-26 12:48:58,690 - QuantumMQTT - INFO - Successfully initialized quantum security
2025-02-26 12:48:58,909 - QuantumMQTT - INFO - Connected to MQTT broker with result code: 0
2025-02-26 12:48:58,910 - QuantumMQTT - INFO - Successfully connected to MQTT broker
2025-02-26 12:48:58,936 - QuantumMQTT - INFO - Connected to MQTT broker with result code: 0
2025-02-26 12:48:58,937 - QuantumMQTT - INFO - Successfully connected to MQTT broker
2025-02-26 12:48:58,937 - QuantumMQTT - INFO - Connected to MQTT broker with result code: 0
2025-02-26 12:48:58,937 - QuantumMQTT - INFO - Successfully connected to MQTT broker
2025-02-26 13:03:38,473 - QuantumMQTT - INFO - Connected to MQTT broker with result code: 0
2025-02-26 13:03:38,473 - QuantumMQTT - INFO - Connected to MQTT broker with result code: 0
2025-02-26 13:03:38,473 - QuantumMQTT - INFO - Connected to MQTT broker with result code: 0
2025-02-26 13:03:38,473 - QuantumMQTT - INFO - Successfully connected to MQTT broker
2025-02-26 13:03:38,473 - QuantumMQTT - INFO - Successfully connected to MQTT broker
2025-02-26 13:03:38,474 - QuantumMQTT - INFO - Connected to MQTT broker with result code: 0
2025-02-26 13:03:38,474 - QuantumMQTT - INFO - Successfully connected to MQTT broker
2025-02-26 13:03:38,474 - QuantumMQTT - INFO - Successfully connected to MQTT broker
2025-02-26 13:03:38,474 - QuantumMQTT - INFO - Connected to MQTT broker with result code: 0
2025-02-26 13:03:38,474 - QuantumMQTT - INFO - Connected to MQTT broker with result code: 0
2025-02-26 13:03:38,474 - QuantumMQTT - INFO - Successfully connected to MQTT broker
2025-02-26 13:03:38,475 - QuantumMQTT - INFO - Successfully connected to MQTT broker
2025-02-26 13:28:36,996 - QuantumMQTT - INFO - Successfully initialized quantum security
2025-02-26 13:28:37,034 - QuantumMQTT - INFO - Successfully initialized quantum security
2025-02-26 13:28:37,228 - QuantumMQTT - INFO - Successfully initialized quantum security
2025-02-26 13:28:37,361 - QuantumMQTT - INFO - Connected to MQTT broker with result code: 0
2025-02-26 13:28:37,362 - QuantumMQTT - INFO - Successfully connected to MQTT broker
2025-02-26 13:28:37,374 - QuantumMQTT - INFO - Connected to MQTT broker with result code: 0
2025-02-26 13:28:37,374 - QuantumMQTT - INFO - Successfully connected to MQTT broker
2025-02-26 13:28:37,564 - QuantumMQTT - INFO - Connected to MQTT broker with result code: 0
2025-02-26 13:28:37,565 - QuantumMQTT - INFO - Successfully connected to MQTT broker
2025-02-26 13:28:37,622 - QuantumMQTT - ERROR - Failed to initialize quantum security: Missing key files
2025-02-26 13:28:37,681 - QuantumMQTT - INFO - Successfully initialized quantum security
2025-02-26 13:28:37,825 - QuantumMQTT - INFO - Successfully initialized quantum security
2025-02-26 13:28:37,938 - QuantumMQTT - INFO - Connected to MQTT broker with result code: 0
2025-02-26 13:28:37,938 - QuantumMQTT - INFO - Successfully connected to MQTT broker
2025-02-26 13:28:38,079 - QuantumMQTT - INFO - Connected to MQTT broker with result code: 0
2025-02-26 13:28:38,079 - QuantumMQTT - INFO - Successfully connected to MQTT broker
2025-02-26 14:06:01,042 - QuantumMQTT - INFO - Successfully initialized quantum security
2025-02-26 14:06:01,044 - QuantumMQTT - INFO - Successfully initialized quantum security
2025-02-26 14:06:01,046 - QuantumMQTT - INFO - Successfully initialized quantum security
2025-02-26 14:06:01,372 - QuantumMQTT - INFO - Connected to MQTT broker with result code: 0
2025-02-26 14:06:01,373 - QuantumMQTT - INFO - Successfully connected to MQTT broker
2025-02-26 14:06:01,373 - QuantumMQTT - INFO - Connected to MQTT broker with result code: 0
2025-02-26 14:06:01,373 - QuantumMQTT - INFO - Connected to MQTT broker with result code: 0
2025-02-26 14:06:01,373 - QuantumMQTT - INFO - Successfully connected to MQTT broker
2025-02-26 14:06:01,374 - QuantumMQTT - INFO - Successfully connected to MQTT broker
2025-02-26 14:06:01,615 - QuantumMQTT - INFO - Successfully initialized quantum security
2025-02-26 14:06:01,622 - QuantumMQTT - INFO - Successfully initialized quantum security
2025-02-26 14:06:01,668 - QuantumMQTT - INFO - Successfully initialized quantum security
2025-02-26 14:06:01,891 - QuantumMQTT - INFO - Connected to MQTT broker with result code: 0
2025-02-26 14:06:01,891 - QuantumMQTT - INFO - Successfully connected to MQTT broker
2025-02-26 14:06:01,913 - QuantumMQTT - INFO - Connected to MQTT broker with result code: 0
2025-02-26 14:06:01,914 - QuantumMQTT - INFO - Successfully connected to MQTT broker
2025-02-26 14:06:01,928 - QuantumMQTT - INFO - Connected to MQTT broker with result code: 0
2025-02-26 14:06:01,928 - QuantumMQTT - INFO - Successfully connected to MQTT broker
2025-02-26 19:05:03,081 - QuantumMQTT - INFO - Successfully initialized quantum security
2025-02-26 19:05:03,107 - QuantumMQTT - INFO - Successfully initialized quantum security
2025-02-26 19:05:03,143 - QuantumMQTT - INFO - Successfully initialized quantum security
2025-02-26 19:05:03,352 - QuantumMQTT - INFO - Connected to MQTT broker with result code: 0
2025-02-26 19:05:03,352 - QuantumMQTT - INFO - Successfully connected to MQTT broker
2025-02-26 19:05:03,380 - QuantumMQTT - INFO - Connected to MQTT broker with result code: 0
2025-02-26 19:05:03,380 - QuantumMQTT - INFO - Successfully connected to MQTT broker
2025-02-26 19:05:03,402 - QuantumMQTT - INFO - Connected to MQTT broker with result code: 0
2025-02-26 19:05:03,402 - QuantumMQTT - INFO - Successfully connected to MQTT broker
2025-02-26 19:05:03,594 - QuantumMQTT - INFO - Successfully initialized quantum security
2025-02-26 19:05:03,634 - QuantumMQTT - INFO - Successfully initialized quantum security
2025-02-26 19:05:03,681 - QuantumMQTT - INFO - Successfully initialized quantum security
2025-02-26 19:05:03,850 - QuantumMQTT - INFO - Connected to MQTT broker with result code: 0
2025-02-26 19:05:03,850 - QuantumMQTT - INFO - Successfully connected to MQTT broker
2025-02-26 19:05:03,904 - QuantumMQTT - INFO - Connected to MQTT broker with result code: 0
2025-02-26 19:05:03,904 - QuantumMQTT - INFO - Successfully connected to MQTT broker
2025-02-26 19:05:03,917 - QuantumMQTT - INFO - Connected to MQTT broker with result code: 0
2025-02-26 19:05:03,917 - QuantumMQTT - INFO - Successfully connected to MQTT broker
2025-02-26 19:42:55,960 - QuantumMQTT - INFO - Successfully initialized quantum security
2025-02-26 19:42:56,013 - QuantumMQTT - INFO - Successfully initialized quantum security
2025-02-26 19:42:56,078 - QuantumMQTT - INFO - Successfully initialized quantum security
2025-02-26 19:42:56,224 - QuantumMQTT - INFO - Connected to MQTT broker with result code: 0
2025-02-26 19:42:56,231 - QuantumMQTT - INFO - Successfully connected to MQTT broker
2025-02-26 19:42:56,258 - QuantumMQTT - INFO - Connected to MQTT broker with result code: 0
2025-02-26 19:42:56,258 - QuantumMQTT - INFO - Successfully connected to MQTT broker
2025-02-26 19:42:56,331 - QuantumMQTT - INFO - Connected to MQTT broker with result code: 0
2025-02-26 19:42:56,332 - QuantumMQTT - INFO - Successfully connected to MQTT broker
2025-02-26 19:42:56,480 - QuantumMQTT - INFO - Successfully initialized quantum security
2025-02-26 19:42:56,521 - QuantumMQTT - INFO - Successfully initialized quantum security
2025-02-26 19:42:56,575 - QuantumMQTT - INFO - Successfully initialized quantum security
2025-02-26 19:42:56,743 - QuantumMQTT - INFO - Connected to MQTT broker with result code: 0
2025-02-26 19:42:56,744 - QuantumMQTT - INFO - Successfully connected to MQTT broker
2025-02-26 19:42:56,763 - QuantumMQTT - INFO - Connected to MQTT broker with result code: 0
2025-02-26 19:42:56,763 - QuantumMQTT - INFO - Successfully connected to MQTT broker
2025-02-26 19:42:56,835 - QuantumMQTT - INFO - Connected to MQTT broker with result code: 0
2025-02-26 19:42:56,835 - QuantumMQTT - INFO - Successfully connected to MQTT broker
2025-02-26 20:19:34,155 - QuantumMQTT - INFO - Successfully initialized quantum security
2025-02-26 20:19:34,158 - QuantumMQTT - INFO - Successfully initialized quantum security
2025-02-26 20:19:34,317 - QuantumMQTT - INFO - Successfully initialized quantum security
2025-02-26 20:19:34,435 - QuantumMQTT - INFO - Connected to MQTT broker with result code: 0
2025-02-26 20:19:34,435 - QuantumMQTT - INFO - Connected to MQTT broker with result code: 0
2025-02-26 20:19:34,435 - QuantumMQTT - INFO - Successfully connected to MQTT broker
2025-02-26 20:19:34,435 - QuantumMQTT - INFO - Successfully connected to MQTT broker
2025-02-26 20:19:34,586 - QuantumMQTT - INFO - Connected to MQTT broker with result code: 0
2025-02-26 20:19:34,586 - QuantumMQTT - INFO - Successfully connected to MQTT broker
2025-02-26 20:19:34,702 - QuantumMQTT - INFO - Successfully initialized quantum security
2025-02-26 20:19:34,713 - QuantumMQTT - INFO - Successfully initialized quantum security
2025-02-26 20:19:34,854 - QuantumMQTT - INFO - Successfully initialized quantum security
2025-02-26 20:19:34,954 - QuantumMQTT - INFO - Connected to MQTT broker with result code: 0
2025-02-26 20:19:34,954 - QuantumMQTT - INFO - Connected to MQTT broker with result code: 0
2025-02-26 20:19:34,954 - QuantumMQTT - INFO - Successfully connected to MQTT broker
2025-02-26 20:19:34,955 - QuantumMQTT - INFO - Successfully connected to MQTT broker
2025-02-26 20:19:35,102 - QuantumMQTT - INFO - Connected to MQTT broker with result code: 0
2025-02-26 20:19:35,102 - QuantumMQTT - INFO - Successfully connected to MQTT broker
2025-02-26 21:04:07,160 - QuantumMQTT - INFO - Successfully initialized quantum security
2025-02-26 21:04:07,262 - QuantumMQTT - INFO - Successfully initialized quantum security
2025-02-26 21:04:07,406 - QuantumMQTT - INFO - Successfully initialized quantum security
2025-02-26 21:04:07,457 - QuantumMQTT - INFO - Connected to MQTT broker with result code: 0
2025-02-26 21:04:07,457 - QuantumMQTT - INFO - Successfully connected to MQTT broker
2025-02-26 21:04:07,603 - QuantumMQTT - INFO - Connected to MQTT broker with result code: 0
2025-02-26 21:04:07,603 - QuantumMQTT - INFO - Successfully connected to MQTT broker
2025-02-26 21:04:07,732 - QuantumMQTT - INFO - Successfully initialized quantum security
2025-02-26 21:04:07,827 - QuantumMQTT - INFO - Successfully initialized quantum security
2025-02-26 21:04:08,709 - QuantumMQTT - INFO - Connected to MQTT broker with result code: 0
2025-02-26 21:04:08,709 - QuantumMQTT - INFO - Successfully connected to MQTT broker
2025-02-26 21:04:08,771 - QuantumMQTT - INFO - Connected to MQTT broker with result code: 0
2025-02-26 21:04:08,772 - QuantumMQTT - INFO - Successfully connected to MQTT broker
2025-02-26 21:04:08,912 - QuantumMQTT - INFO - Successfully initialized quantum security
2025-02-26 21:04:09,071 - QuantumMQTT - INFO - Connected to MQTT broker with result code: 0
2025-02-26 21:04:09,072 - QuantumMQTT - INFO - Successfully connected to MQTT broker
2025-02-26 21:04:09,175 - QuantumMQTT - INFO - Connected to MQTT broker with result code: 0
2025-02-26 21:04:09,175 - QuantumMQTT - INFO - Successfully connected to MQTT broker
2025-02-26 21:45:49,196 - QuantumMQTT - INFO - Successfully initialized quantum security
2025-02-26 21:45:49,276 - QuantumMQTT - INFO - Successfully initialized quantum security
2025-02-26 21:45:49,409 - QuantumMQTT - INFO - Successfully initialized quantum security
2025-02-26 21:45:49,460 - QuantumMQTT - INFO - Connected to MQTT broker with result code: 0
2025-02-26 21:45:49,460 - QuantumMQTT - INFO - Successfully connected to MQTT broker
2025-02-26 21:45:49,549 - QuantumMQTT - INFO - Connected to MQTT broker with result code: 0
2025-02-26 21:45:49,549 - QuantumMQTT - INFO - Successfully connected to MQTT broker
2025-02-26 21:45:49,657 - QuantumMQTT - INFO - Successfully initialized quantum security
2025-02-26 21:45:49,694 - QuantumMQTT - INFO - Connected to MQTT broker with result code: 0
2025-02-26 21:45:49,694 - QuantumMQTT - INFO - Successfully connected to MQTT broker
2025-02-26 21:45:49,777 - QuantumMQTT - INFO - Successfully initialized quantum security
2025-02-26 21:45:49,923 - QuantumMQTT - INFO - Connected to MQTT broker with result code: 0
2025-02-26 21:45:49,924 - QuantumMQTT - INFO - Successfully connected to MQTT broker
2025-02-26 21:45:49,947 - QuantumMQTT - INFO - Successfully initialized quantum security
2025-02-26 21:45:50,034 - QuantumMQTT - INFO - Connected to MQTT broker with result code: 0
2025-02-26 21:45:50,034 - QuantumMQTT - INFO - Successfully connected to MQTT broker
2025-02-26 21:45:50,180 - QuantumMQTT - INFO - Connected to MQTT broker with result code: 0
2025-02-26 21:45:50,180 - QuantumMQTT - INFO - Successfully connected to MQTT broker
2025-02-26 22:22:23,406 - QuantumMQTT - INFO - Successfully initialized quantum security
2025-02-26 22:22:23,472 - QuantumMQTT - INFO - Successfully initialized quantum security
2025-02-26 22:22:23,544 - QuantumMQTT - INFO - Successfully initialized quantum security
2025-02-26 22:22:23,674 - QuantumMQTT - INFO - Connected to MQTT broker with result code: 0
2025-02-26 22:22:23,674 - QuantumMQTT - INFO - Successfully connected to MQTT broker
2025-02-26 22:22:23,721 - QuantumMQTT - INFO - Connected to MQTT broker with result code: 0
2025-02-26 22:22:23,721 - QuantumMQTT - INFO - Successfully connected to MQTT broker
2025-02-26 22:22:23,788 - QuantumMQTT - INFO - Connected to MQTT broker with result code: 0
2025-02-26 22:22:23,789 - QuantumMQTT - INFO - Successfully connected to MQTT broker
2025-02-26 22:22:23,963 - QuantumMQTT - INFO - Successfully initialized quantum security
2025-02-26 22:22:23,978 - QuantumMQTT - INFO - Successfully initialized quantum security
2025-02-26 22:22:24,014 - QuantumMQTT - INFO - Successfully initialized quantum security
2025-02-26 22:22:24,214 - QuantumMQTT - INFO - Connected to MQTT broker with result code: 0
2025-02-26 22:22:24,214 - QuantumMQTT - INFO - Successfully connected to MQTT broker
2025-02-26 22:22:24,241 - QuantumMQTT - INFO - Connected to MQTT broker with result code: 0
2025-02-26 22:22:24,241 - QuantumMQTT - INFO - Successfully connected to MQTT broker
2025-02-26 22:22:24,280 - QuantumMQTT - INFO - Connected to MQTT broker with result code: 0
2025-02-26 22:22:24,280 - QuantumMQTT - INFO - Successfully connected to MQTT broker
